{"C:\\Users\\HP\\Documents\\MODULO NODE.JS\\IMDB\\src\\app.js": {"path":"C:\\Users\\HP\\Documents\\MODULO NODE.JS\\IMDB\\src\\app.js","statementMap":{"0":{"start":{"line":1,"column":0},"end":{"line":1,"column":26}},"1":{"start":{"line":2,"column":16},"end":{"line":2,"column":34}},"2":{"start":{"line":3,"column":36},"end":{"line":3,"column":67}},"3":{"start":{"line":4,"column":11},"end":{"line":4,"column":24}},"4":{"start":{"line":5,"column":13},"end":{"line":5,"column":28}},"5":{"start":{"line":6,"column":15},"end":{"line":6,"column":32}},"6":{"start":{"line":7,"column":21},"end":{"line":7,"column":48}},"7":{"start":{"line":8,"column":24},"end":{"line":8,"column":54}},"8":{"start":{"line":9,"column":20},"end":{"line":9,"column":46}},"9":{"start":{"line":10,"column":14},"end":{"line":10,"column":39}},"10":{"start":{"line":11,"column":15},"end":{"line":11,"column":32}},"11":{"start":{"line":12,"column":18},"end":{"line":12,"column":42}},"12":{"start":{"line":13,"column":18},"end":{"line":13,"column":47}},"13":{"start":{"line":14,"column":24},"end":{"line":14,"column":50}},"14":{"start":{"line":15,"column":12},"end":{"line":15,"column":52}},"15":{"start":{"line":16,"column":20},"end":{"line":16,"column":47}},"16":{"start":{"line":19,"column":12},"end":{"line":19,"column":21}},"17":{"start":{"line":24,"column":0},"end":{"line":24,"column":72}},"18":{"start":{"line":26,"column":0},"end":{"line":26,"column":16}},"19":{"start":{"line":27,"column":0},"end":{"line":27,"column":18}},"20":{"start":{"line":28,"column":0},"end":{"line":28,"column":24}},"21":{"start":{"line":29,"column":0},"end":{"line":29,"column":49}},"22":{"start":{"line":31,"column":0},"end":{"line":31,"column":32}},"23":{"start":{"line":32,"column":0},"end":{"line":32,"column":35}},"24":{"start":{"line":33,"column":0},"end":{"line":33,"column":31}},"25":{"start":{"line":34,"column":0},"end":{"line":34,"column":26}},"26":{"start":{"line":35,"column":0},"end":{"line":41,"column":2}},"27":{"start":{"line":36,"column":2},"end":{"line":40,"column":3}},"28":{"start":{"line":37,"column":4},"end":{"line":37,"column":49}},"29":{"start":{"line":39,"column":4},"end":{"line":39,"column":15}},"30":{"start":{"line":43,"column":0},"end":{"line":52,"column":3}},"31":{"start":{"line":44,"column":2},"end":{"line":50,"column":3}},"32":{"start":{"line":45,"column":19},"end":{"line":45,"column":21}},"33":{"start":{"line":46,"column":4},"end":{"line":48,"column":6}},"34":{"start":{"line":47,"column":8},"end":{"line":47,"column":37}},"35":{"start":{"line":49,"column":4},"end":{"line":49,"column":40}},"36":{"start":{"line":51,"column":2},"end":{"line":51,"column":88}},"37":{"start":{"line":55,"column":1},"end":{"line":55,"column":95}},"38":{"start":{"line":58,"column":0},"end":{"line":58,"column":21}}},"fnMap":{"0":{"name":"(anonymous_0)","decl":{"start":{"line":35,"column":19},"end":{"line":35,"column":20}},"loc":{"start":{"line":35,"column":39},"end":{"line":41,"column":1}},"line":35},"1":{"name":"(anonymous_1)","decl":{"start":{"line":43,"column":8},"end":{"line":43,"column":9}},"loc":{"start":{"line":43,"column":33},"end":{"line":52,"column":1}},"line":43},"2":{"name":"(anonymous_2)","decl":{"start":{"line":46,"column":20},"end":{"line":46,"column":21}},"loc":{"start":{"line":46,"column":26},"end":{"line":48,"column":5}},"line":46}},"branchMap":{"0":{"loc":{"start":{"line":44,"column":2},"end":{"line":50,"column":3}},"type":"if","locations":[{"start":{"line":44,"column":2},"end":{"line":50,"column":3}},{"start":{"line":44,"column":2},"end":{"line":50,"column":3}}],"line":44}},"s":{"0":3,"1":3,"2":3,"3":3,"4":3,"5":3,"6":3,"7":3,"8":3,"9":3,"10":3,"11":3,"12":3,"13":3,"14":3,"15":3,"16":3,"17":3,"18":3,"19":3,"20":3,"21":3,"22":3,"23":3,"24":3,"25":3,"26":3,"27":0,"28":0,"29":0,"30":3,"31":0,"32":0,"33":0,"34":0,"35":0,"36":0,"37":3,"38":3},"f":{"0":0,"1":0,"2":0},"b":{"0":[0,0]},"_coverageSchema":"1a1c01bbd47fc00a2c39e90264f33305004495a9","hash":"1f69cf1a922cca1b0e3f2c5b5e9750877f624c06"}
,"C:\\Users\\HP\\Documents\\MODULO NODE.JS\\IMDB\\src\\config\\config.js": {"path":"C:\\Users\\HP\\Documents\\MODULO NODE.JS\\IMDB\\src\\config\\config.js","statementMap":{"0":{"start":{"line":1,"column":0},"end":{"line":23,"column":1}}},"fnMap":{},"branchMap":{},"s":{"0":3},"f":{},"b":{},"_coverageSchema":"1a1c01bbd47fc00a2c39e90264f33305004495a9","hash":"ea56174fc70e9967b0fa11bfdb3cca9bd591460d"}
,"C:\\Users\\HP\\Documents\\MODULO NODE.JS\\IMDB\\src\\controllers\\actors.controllers.js": {"path":"C:\\Users\\HP\\Documents\\MODULO NODE.JS\\IMDB\\src\\controllers\\actors.controllers.js","statementMap":{"0":{"start":{"line":1,"column":20},"end":{"line":1,"column":40}},"1":{"start":{"line":2,"column":12},"end":{"line":2,"column":35}},"2":{"start":{"line":4,"column":15},"end":{"line":38,"column":1}},"3":{"start":{"line":5,"column":4},"end":{"line":37,"column":5}},"4":{"start":{"line":6,"column":21},"end":{"line":6,"column":45}},"5":{"start":{"line":7,"column":22},"end":{"line":7,"column":47}},"6":{"start":{"line":9,"column":8},"end":{"line":9,"column":33}},"7":{"start":{"line":11,"column":25},"end":{"line":11,"column":43}},"8":{"start":{"line":12,"column":23},"end":{"line":12,"column":35}},"9":{"start":{"line":14,"column":27},"end":{"line":14,"column":62}},"10":{"start":{"line":16,"column":23},"end":{"line":16,"column":25}},"11":{"start":{"line":17,"column":8},"end":{"line":22,"column":9}},"12":{"start":{"line":18,"column":12},"end":{"line":21,"column":13}},"13":{"start":{"line":24,"column":8},"end":{"line":29,"column":9}},"14":{"start":{"line":25,"column":12},"end":{"line":28,"column":13}},"15":{"start":{"line":31,"column":8},"end":{"line":31,"column":77}},"16":{"start":{"line":33,"column":8},"end":{"line":33,"column":37}},"17":{"start":{"line":36,"column":8},"end":{"line":36,"column":19}},"18":{"start":{"line":40,"column":14},"end":{"line":48,"column":1}},"19":{"start":{"line":41,"column":4},"end":{"line":47,"column":5}},"20":{"start":{"line":42,"column":17},"end":{"line":42,"column":30}},"21":{"start":{"line":43,"column":24},"end":{"line":43,"column":78}},"22":{"start":{"line":44,"column":8},"end":{"line":44,"column":26}},"23":{"start":{"line":46,"column":8},"end":{"line":46,"column":19}},"24":{"start":{"line":50,"column":16},"end":{"line":58,"column":1}},"25":{"start":{"line":51,"column":4},"end":{"line":57,"column":5}},"26":{"start":{"line":52,"column":79},"end":{"line":52,"column":87}},"27":{"start":{"line":53,"column":20},"end":{"line":53,"column":81}},"28":{"start":{"line":54,"column":8},"end":{"line":54,"column":36}},"29":{"start":{"line":56,"column":8},"end":{"line":56,"column":19}},"30":{"start":{"line":60,"column":15},"end":{"line":69,"column":1}},"31":{"start":{"line":61,"column":4},"end":{"line":68,"column":5}},"32":{"start":{"line":62,"column":21},"end":{"line":62,"column":31}},"33":{"start":{"line":63,"column":79},"end":{"line":63,"column":87}},"34":{"start":{"line":64,"column":27},"end":{"line":64,"column":131}},"35":{"start":{"line":65,"column":8},"end":{"line":65,"column":42}},"36":{"start":{"line":67,"column":8},"end":{"line":67,"column":19}},"37":{"start":{"line":71,"column":21},"end":{"line":79,"column":1}},"38":{"start":{"line":72,"column":4},"end":{"line":78,"column":5}},"39":{"start":{"line":73,"column":21},"end":{"line":73,"column":31}},"40":{"start":{"line":74,"column":27},"end":{"line":74,"column":70}},"41":{"start":{"line":75,"column":8},"end":{"line":75,"column":43}},"42":{"start":{"line":77,"column":8},"end":{"line":77,"column":19}},"43":{"start":{"line":81,"column":21},"end":{"line":98,"column":1}},"44":{"start":{"line":82,"column":18},"end":{"line":82,"column":45}},"45":{"start":{"line":84,"column":4},"end":{"line":97,"column":5}},"46":{"start":{"line":85,"column":8},"end":{"line":92,"column":11}},"47":{"start":{"line":86,"column":12},"end":{"line":91,"column":13}},"48":{"start":{"line":87,"column":16},"end":{"line":87,"column":63}},"49":{"start":{"line":89,"column":16},"end":{"line":89,"column":38}},"50":{"start":{"line":90,"column":16},"end":{"line":90,"column":23}},"51":{"start":{"line":94,"column":8},"end":{"line":96,"column":11}},"52":{"start":{"line":100,"column":20},"end":{"line":111,"column":1}},"53":{"start":{"line":101,"column":4},"end":{"line":110,"column":5}},"54":{"start":{"line":102,"column":21},"end":{"line":102,"column":31}},"55":{"start":{"line":103,"column":8},"end":{"line":103,"column":46}},"56":{"start":{"line":104,"column":26},"end":{"line":104,"column":80}},"57":{"start":{"line":105,"column":32},"end":{"line":105,"column":84}},"58":{"start":{"line":106,"column":8},"end":{"line":106,"column":39}},"59":{"start":{"line":107,"column":8},"end":{"line":107,"column":47}},"60":{"start":{"line":109,"column":8},"end":{"line":109,"column":19}},"61":{"start":{"line":113,"column":0},"end":{"line":121,"column":1}}},"fnMap":{"0":{"name":"(anonymous_0)","decl":{"start":{"line":4,"column":15},"end":{"line":4,"column":16}},"loc":{"start":{"line":4,"column":41},"end":{"line":38,"column":1}},"line":4},"1":{"name":"(anonymous_1)","decl":{"start":{"line":40,"column":14},"end":{"line":40,"column":15}},"loc":{"start":{"line":40,"column":40},"end":{"line":48,"column":1}},"line":40},"2":{"name":"(anonymous_2)","decl":{"start":{"line":50,"column":16},"end":{"line":50,"column":17}},"loc":{"start":{"line":50,"column":42},"end":{"line":58,"column":1}},"line":50},"3":{"name":"(anonymous_3)","decl":{"start":{"line":60,"column":15},"end":{"line":60,"column":16}},"loc":{"start":{"line":60,"column":41},"end":{"line":69,"column":1}},"line":60},"4":{"name":"(anonymous_4)","decl":{"start":{"line":71,"column":21},"end":{"line":71,"column":22}},"loc":{"start":{"line":71,"column":47},"end":{"line":79,"column":1}},"line":71},"5":{"name":"(anonymous_5)","decl":{"start":{"line":81,"column":21},"end":{"line":81,"column":22}},"loc":{"start":{"line":81,"column":41},"end":{"line":98,"column":1}},"line":81},"6":{"name":"(anonymous_6)","decl":{"start":{"line":85,"column":47},"end":{"line":85,"column":48}},"loc":{"start":{"line":85,"column":65},"end":{"line":92,"column":9}},"line":85},"7":{"name":"(anonymous_7)","decl":{"start":{"line":100,"column":20},"end":{"line":100,"column":21}},"loc":{"start":{"line":100,"column":46},"end":{"line":111,"column":1}},"line":100}},"branchMap":{"0":{"loc":{"start":{"line":17,"column":8},"end":{"line":22,"column":9}},"type":"if","locations":[{"start":{"line":17,"column":8},"end":{"line":22,"column":9}},{"start":{"line":17,"column":8},"end":{"line":22,"column":9}}],"line":17},"1":{"loc":{"start":{"line":24,"column":8},"end":{"line":29,"column":9}},"type":"if","locations":[{"start":{"line":24,"column":8},"end":{"line":29,"column":9}},{"start":{"line":24,"column":8},"end":{"line":29,"column":9}}],"line":24},"2":{"loc":{"start":{"line":84,"column":4},"end":{"line":97,"column":5}},"type":"if","locations":[{"start":{"line":84,"column":4},"end":{"line":97,"column":5}},{"start":{"line":84,"column":4},"end":{"line":97,"column":5}}],"line":84},"3":{"loc":{"start":{"line":86,"column":12},"end":{"line":91,"column":13}},"type":"if","locations":[{"start":{"line":86,"column":12},"end":{"line":91,"column":13}},{"start":{"line":86,"column":12},"end":{"line":91,"column":13}}],"line":86}},"s":{"0":3,"1":3,"2":3,"3":1,"4":1,"5":1,"6":1,"7":1,"8":1,"9":1,"10":1,"11":1,"12":0,"13":1,"14":0,"15":1,"16":1,"17":0,"18":3,"19":1,"20":1,"21":1,"22":1,"23":0,"24":3,"25":1,"26":1,"27":1,"28":1,"29":0,"30":3,"31":1,"32":1,"33":1,"34":1,"35":1,"36":0,"37":3,"38":1,"39":1,"40":1,"41":1,"42":0,"43":3,"44":5,"45":5,"46":5,"47":5,"48":0,"49":5,"50":5,"51":0,"52":3,"53":0,"54":0,"55":0,"56":0,"57":0,"58":0,"59":0,"60":0,"61":3},"f":{"0":1,"1":1,"2":1,"3":1,"4":1,"5":5,"6":5,"7":0},"b":{"0":[0,1],"1":[0,1],"2":[5,0],"3":[0,5]},"_coverageSchema":"1a1c01bbd47fc00a2c39e90264f33305004495a9","hash":"d880091352dc97e49b8a4994981e68e2527e0c32"}
,"C:\\Users\\HP\\Documents\\MODULO NODE.JS\\IMDB\\src\\controllers\\auth.controller.js": {"path":"C:\\Users\\HP\\Documents\\MODULO NODE.JS\\IMDB\\src\\controllers\\auth.controller.js","statementMap":{"0":{"start":{"line":1,"column":18},"end":{"line":1,"column":38}},"1":{"start":{"line":3,"column":15},"end":{"line":3,"column":34}},"2":{"start":{"line":4,"column":12},"end":{"line":4,"column":35}},"3":{"start":{"line":6,"column":14},"end":{"line":32,"column":1}},"4":{"start":{"line":7,"column":4},"end":{"line":31,"column":5}},"5":{"start":{"line":8,"column":34},"end":{"line":8,"column":42}},"6":{"start":{"line":10,"column":26},"end":{"line":10,"column":85}},"7":{"start":{"line":12,"column":8},"end":{"line":28,"column":9}},"8":{"start":{"line":13,"column":24},"end":{"line":13,"column":76}},"9":{"start":{"line":15,"column":12},"end":{"line":24,"column":13}},"10":{"start":{"line":16,"column":30},"end":{"line":19,"column":18}},"11":{"start":{"line":21,"column":16},"end":{"line":21,"column":61}},"12":{"start":{"line":23,"column":16},"end":{"line":23,"column":56}},"13":{"start":{"line":27,"column":12},"end":{"line":27,"column":52}},"14":{"start":{"line":30,"column":8},"end":{"line":30,"column":19}},"15":{"start":{"line":34,"column":0},"end":{"line":36,"column":2}}},"fnMap":{"0":{"name":"(anonymous_0)","decl":{"start":{"line":6,"column":14},"end":{"line":6,"column":15}},"loc":{"start":{"line":6,"column":40},"end":{"line":32,"column":1}},"line":6}},"branchMap":{"0":{"loc":{"start":{"line":12,"column":8},"end":{"line":28,"column":9}},"type":"if","locations":[{"start":{"line":12,"column":8},"end":{"line":28,"column":9}},{"start":{"line":12,"column":8},"end":{"line":28,"column":9}}],"line":12},"1":{"loc":{"start":{"line":15,"column":12},"end":{"line":24,"column":13}},"type":"if","locations":[{"start":{"line":15,"column":12},"end":{"line":24,"column":13}},{"start":{"line":15,"column":12},"end":{"line":24,"column":13}}],"line":15}},"s":{"0":3,"1":3,"2":3,"3":3,"4":3,"5":3,"6":3,"7":3,"8":3,"9":3,"10":3,"11":3,"12":0,"13":0,"14":0,"15":3},"f":{"0":3},"b":{"0":[3,0],"1":[3,0]},"_coverageSchema":"1a1c01bbd47fc00a2c39e90264f33305004495a9","hash":"6def1ef018bc34761c97fdc7141e1aa656ff4b89"}
,"C:\\Users\\HP\\Documents\\MODULO NODE.JS\\IMDB\\src\\controllers\\directors.controllers.js": {"path":"C:\\Users\\HP\\Documents\\MODULO NODE.JS\\IMDB\\src\\controllers\\directors.controllers.js","statementMap":{"0":{"start":{"line":1,"column":22},"end":{"line":1,"column":42}},"1":{"start":{"line":2,"column":12},"end":{"line":2,"column":35}},"2":{"start":{"line":4,"column":16},"end":{"line":39,"column":1}},"3":{"start":{"line":5,"column":4},"end":{"line":38,"column":5}},"4":{"start":{"line":6,"column":21},"end":{"line":6,"column":45}},"5":{"start":{"line":7,"column":22},"end":{"line":7,"column":47}},"6":{"start":{"line":11,"column":25},"end":{"line":11,"column":43}},"7":{"start":{"line":12,"column":23},"end":{"line":12,"column":35}},"8":{"start":{"line":14,"column":27},"end":{"line":14,"column":65}},"9":{"start":{"line":16,"column":23},"end":{"line":16,"column":25}},"10":{"start":{"line":17,"column":8},"end":{"line":24,"column":9}},"11":{"start":{"line":18,"column":27},"end":{"line":18,"column":35}},"12":{"start":{"line":19,"column":12},"end":{"line":19,"column":34}},"13":{"start":{"line":20,"column":12},"end":{"line":23,"column":13}},"14":{"start":{"line":26,"column":8},"end":{"line":31,"column":9}},"15":{"start":{"line":27,"column":12},"end":{"line":30,"column":13}},"16":{"start":{"line":33,"column":8},"end":{"line":33,"column":77}},"17":{"start":{"line":35,"column":8},"end":{"line":35,"column":37}},"18":{"start":{"line":37,"column":8},"end":{"line":37,"column":19}},"19":{"start":{"line":41,"column":14},"end":{"line":49,"column":1}},"20":{"start":{"line":42,"column":4},"end":{"line":48,"column":5}},"21":{"start":{"line":43,"column":17},"end":{"line":43,"column":30}},"22":{"start":{"line":44,"column":24},"end":{"line":44,"column":77}},"23":{"start":{"line":45,"column":8},"end":{"line":45,"column":38}},"24":{"start":{"line":47,"column":8},"end":{"line":47,"column":19}},"25":{"start":{"line":51,"column":15},"end":{"line":59,"column":1}},"26":{"start":{"line":52,"column":4},"end":{"line":58,"column":5}},"27":{"start":{"line":53,"column":79},"end":{"line":53,"column":87}},"28":{"start":{"line":54,"column":30},"end":{"line":54,"column":116}},"29":{"start":{"line":55,"column":8},"end":{"line":55,"column":45}},"30":{"start":{"line":57,"column":8},"end":{"line":57,"column":19}},"31":{"start":{"line":61,"column":15},"end":{"line":70,"column":1}},"32":{"start":{"line":62,"column":4},"end":{"line":69,"column":5}},"33":{"start":{"line":63,"column":21},"end":{"line":63,"column":31}},"34":{"start":{"line":64,"column":79},"end":{"line":64,"column":87}},"35":{"start":{"line":65,"column":29},"end":{"line":65,"column":130}},"36":{"start":{"line":66,"column":8},"end":{"line":66,"column":44}},"37":{"start":{"line":68,"column":8},"end":{"line":68,"column":19}},"38":{"start":{"line":72,"column":21},"end":{"line":80,"column":1}},"39":{"start":{"line":73,"column":4},"end":{"line":79,"column":5}},"40":{"start":{"line":74,"column":21},"end":{"line":74,"column":31}},"41":{"start":{"line":75,"column":28},"end":{"line":75,"column":70}},"42":{"start":{"line":76,"column":8},"end":{"line":76,"column":44}},"43":{"start":{"line":78,"column":8},"end":{"line":78,"column":19}},"44":{"start":{"line":82,"column":21},"end":{"line":99,"column":1}},"45":{"start":{"line":83,"column":18},"end":{"line":83,"column":45}},"46":{"start":{"line":85,"column":0},"end":{"line":98,"column":1}},"47":{"start":{"line":86,"column":2},"end":{"line":93,"column":5}},"48":{"start":{"line":87,"column":4},"end":{"line":92,"column":5}},"49":{"start":{"line":88,"column":6},"end":{"line":88,"column":53}},"50":{"start":{"line":90,"column":6},"end":{"line":90,"column":28}},"51":{"start":{"line":91,"column":6},"end":{"line":91,"column":13}},"52":{"start":{"line":95,"column":2},"end":{"line":97,"column":5}},"53":{"start":{"line":101,"column":20},"end":{"line":112,"column":1}},"54":{"start":{"line":102,"column":4},"end":{"line":111,"column":5}},"55":{"start":{"line":103,"column":21},"end":{"line":103,"column":31}},"56":{"start":{"line":104,"column":8},"end":{"line":104,"column":46}},"57":{"start":{"line":105,"column":26},"end":{"line":105,"column":79}},"58":{"start":{"line":106,"column":32},"end":{"line":106,"column":83}},"59":{"start":{"line":107,"column":8},"end":{"line":107,"column":39}},"60":{"start":{"line":108,"column":8},"end":{"line":108,"column":54}},"61":{"start":{"line":110,"column":8},"end":{"line":110,"column":19}},"62":{"start":{"line":114,"column":0},"end":{"line":122,"column":1}}},"fnMap":{"0":{"name":"(anonymous_0)","decl":{"start":{"line":4,"column":16},"end":{"line":4,"column":17}},"loc":{"start":{"line":4,"column":42},"end":{"line":39,"column":1}},"line":4},"1":{"name":"(anonymous_1)","decl":{"start":{"line":41,"column":14},"end":{"line":41,"column":15}},"loc":{"start":{"line":41,"column":40},"end":{"line":49,"column":1}},"line":41},"2":{"name":"(anonymous_2)","decl":{"start":{"line":51,"column":15},"end":{"line":51,"column":16}},"loc":{"start":{"line":51,"column":41},"end":{"line":59,"column":1}},"line":51},"3":{"name":"(anonymous_3)","decl":{"start":{"line":61,"column":15},"end":{"line":61,"column":16}},"loc":{"start":{"line":61,"column":41},"end":{"line":70,"column":1}},"line":61},"4":{"name":"(anonymous_4)","decl":{"start":{"line":72,"column":21},"end":{"line":72,"column":22}},"loc":{"start":{"line":72,"column":47},"end":{"line":80,"column":1}},"line":72},"5":{"name":"(anonymous_5)","decl":{"start":{"line":82,"column":21},"end":{"line":82,"column":22}},"loc":{"start":{"line":82,"column":41},"end":{"line":99,"column":1}},"line":82},"6":{"name":"(anonymous_6)","decl":{"start":{"line":86,"column":41},"end":{"line":86,"column":42}},"loc":{"start":{"line":86,"column":59},"end":{"line":93,"column":3}},"line":86},"7":{"name":"(anonymous_7)","decl":{"start":{"line":101,"column":20},"end":{"line":101,"column":21}},"loc":{"start":{"line":101,"column":46},"end":{"line":112,"column":1}},"line":101}},"branchMap":{"0":{"loc":{"start":{"line":17,"column":8},"end":{"line":24,"column":9}},"type":"if","locations":[{"start":{"line":17,"column":8},"end":{"line":24,"column":9}},{"start":{"line":17,"column":8},"end":{"line":24,"column":9}}],"line":17},"1":{"loc":{"start":{"line":26,"column":8},"end":{"line":31,"column":9}},"type":"if","locations":[{"start":{"line":26,"column":8},"end":{"line":31,"column":9}},{"start":{"line":26,"column":8},"end":{"line":31,"column":9}}],"line":26},"2":{"loc":{"start":{"line":85,"column":0},"end":{"line":98,"column":1}},"type":"if","locations":[{"start":{"line":85,"column":0},"end":{"line":98,"column":1}},{"start":{"line":85,"column":0},"end":{"line":98,"column":1}}],"line":85},"3":{"loc":{"start":{"line":87,"column":4},"end":{"line":92,"column":5}},"type":"if","locations":[{"start":{"line":87,"column":4},"end":{"line":92,"column":5}},{"start":{"line":87,"column":4},"end":{"line":92,"column":5}}],"line":87}},"s":{"0":3,"1":3,"2":3,"3":1,"4":1,"5":1,"6":1,"7":1,"8":1,"9":1,"10":1,"11":0,"12":0,"13":0,"14":1,"15":0,"16":1,"17":1,"18":0,"19":3,"20":1,"21":1,"22":1,"23":1,"24":0,"25":3,"26":1,"27":1,"28":1,"29":1,"30":0,"31":3,"32":1,"33":1,"34":1,"35":1,"36":1,"37":0,"38":3,"39":1,"40":1,"41":1,"42":1,"43":0,"44":3,"45":5,"46":5,"47":5,"48":5,"49":0,"50":5,"51":5,"52":0,"53":3,"54":0,"55":0,"56":0,"57":0,"58":0,"59":0,"60":0,"61":0,"62":3},"f":{"0":1,"1":1,"2":1,"3":1,"4":1,"5":5,"6":5,"7":0},"b":{"0":[0,1],"1":[0,1],"2":[5,0],"3":[0,5]},"_coverageSchema":"1a1c01bbd47fc00a2c39e90264f33305004495a9","hash":"a9d7c28413a4ed76d81be2c132ab3fb4bf2ef6b1"}
,"C:\\Users\\HP\\Documents\\MODULO NODE.JS\\IMDB\\src\\controllers\\gallery.controller.js": {"path":"C:\\Users\\HP\\Documents\\MODULO NODE.JS\\IMDB\\src\\controllers\\gallery.controller.js","statementMap":{"0":{"start":{"line":1,"column":16},"end":{"line":7,"column":1}},"1":{"start":{"line":2,"column":4},"end":{"line":6,"column":5}},"2":{"start":{"line":3,"column":8},"end":{"line":3,"column":26}},"3":{"start":{"line":5,"column":8},"end":{"line":5,"column":54}},"4":{"start":{"line":9,"column":0},"end":{"line":11,"column":1}}},"fnMap":{"0":{"name":"(anonymous_0)","decl":{"start":{"line":1,"column":16},"end":{"line":1,"column":17}},"loc":{"start":{"line":1,"column":36},"end":{"line":7,"column":1}},"line":1}},"branchMap":{},"s":{"0":3,"1":0,"2":0,"3":0,"4":3},"f":{"0":0},"b":{},"_coverageSchema":"1a1c01bbd47fc00a2c39e90264f33305004495a9","hash":"5f407562ec1a3109d9d7193ff69d332689503f49"}
,"C:\\Users\\HP\\Documents\\MODULO NODE.JS\\IMDB\\src\\controllers\\user.controllers.js": {"path":"C:\\Users\\HP\\Documents\\MODULO NODE.JS\\IMDB\\src\\controllers\\user.controllers.js","statementMap":{"0":{"start":{"line":1,"column":37},"end":{"line":1,"column":57}},"1":{"start":{"line":2,"column":22},"end":{"line":2,"column":54}},"2":{"start":{"line":3,"column":13},"end":{"line":3,"column":32}},"3":{"start":{"line":4,"column":12},"end":{"line":4,"column":35}},"4":{"start":{"line":5,"column":25},"end":{"line":5,"column":46}},"5":{"start":{"line":7,"column":19},"end":{"line":7,"column":21}},"6":{"start":{"line":9,"column":15},"end":{"line":46,"column":1}},"7":{"start":{"line":10,"column":4},"end":{"line":45,"column":5}},"8":{"start":{"line":11,"column":21},"end":{"line":11,"column":45}},"9":{"start":{"line":12,"column":22},"end":{"line":12,"column":47}},"10":{"start":{"line":14,"column":8},"end":{"line":14,"column":33}},"11":{"start":{"line":16,"column":25},"end":{"line":16,"column":43}},"12":{"start":{"line":17,"column":23},"end":{"line":17,"column":35}},"13":{"start":{"line":19,"column":27},"end":{"line":19,"column":61}},"14":{"start":{"line":21,"column":23},"end":{"line":21,"column":25}},"15":{"start":{"line":22,"column":8},"end":{"line":29,"column":9}},"16":{"start":{"line":23,"column":27},"end":{"line":23,"column":35}},"17":{"start":{"line":24,"column":12},"end":{"line":24,"column":34}},"18":{"start":{"line":25,"column":12},"end":{"line":28,"column":13}},"19":{"start":{"line":31,"column":8},"end":{"line":36,"column":9}},"20":{"start":{"line":32,"column":12},"end":{"line":35,"column":13}},"21":{"start":{"line":38,"column":8},"end":{"line":38,"column":77}},"22":{"start":{"line":40,"column":8},"end":{"line":40,"column":25}},"23":{"start":{"line":43,"column":8},"end":{"line":43,"column":44}},"24":{"start":{"line":44,"column":8},"end":{"line":44,"column":19}},"25":{"start":{"line":48,"column":14},"end":{"line":56,"column":1}},"26":{"start":{"line":49,"column":4},"end":{"line":55,"column":5}},"27":{"start":{"line":50,"column":17},"end":{"line":50,"column":30}},"28":{"start":{"line":51,"column":24},"end":{"line":51,"column":77}},"29":{"start":{"line":52,"column":8},"end":{"line":52,"column":26}},"30":{"start":{"line":54,"column":8},"end":{"line":54,"column":19}},"31":{"start":{"line":58,"column":15},"end":{"line":96,"column":1}},"32":{"start":{"line":59,"column":4},"end":{"line":95,"column":5}},"33":{"start":{"line":60,"column":47},"end":{"line":60,"column":55}},"34":{"start":{"line":61,"column":21},"end":{"line":61,"column":26}},"35":{"start":{"line":62,"column":25},"end":{"line":62,"column":73}},"36":{"start":{"line":63,"column":25},"end":{"line":63,"column":95}},"37":{"start":{"line":65,"column":22},"end":{"line":65,"column":44}},"38":{"start":{"line":66,"column":23},"end":{"line":66,"column":68}},"39":{"start":{"line":67,"column":24},"end":{"line":67,"column":42}},"40":{"start":{"line":68,"column":22},"end":{"line":68,"column":24}},"41":{"start":{"line":69,"column":26},"end":{"line":73,"column":10}},"42":{"start":{"line":70,"column":12},"end":{"line":72,"column":13}},"43":{"start":{"line":71,"column":16},"end":{"line":71,"column":35}},"44":{"start":{"line":75,"column":19},"end":{"line":75,"column":35}},"45":{"start":{"line":76,"column":8},"end":{"line":76,"column":26}},"46":{"start":{"line":78,"column":8},"end":{"line":78,"column":58}},"47":{"start":{"line":80,"column":29},"end":{"line":84,"column":9}},"48":{"start":{"line":86,"column":8},"end":{"line":86,"column":55}},"49":{"start":{"line":87,"column":8},"end":{"line":88,"column":110}},"50":{"start":{"line":89,"column":8},"end":{"line":89,"column":32}},"51":{"start":{"line":91,"column":8},"end":{"line":91,"column":39}},"52":{"start":{"line":94,"column":8},"end":{"line":94,"column":19}},"53":{"start":{"line":98,"column":15},"end":{"line":108,"column":1}},"54":{"start":{"line":99,"column":4},"end":{"line":107,"column":5}},"55":{"start":{"line":100,"column":21},"end":{"line":100,"column":31}},"56":{"start":{"line":101,"column":68},"end":{"line":101,"column":76}},"57":{"start":{"line":102,"column":25},"end":{"line":102,"column":73}},"58":{"start":{"line":103,"column":26},"end":{"line":103,"column":107}},"59":{"start":{"line":104,"column":8},"end":{"line":104,"column":42}},"60":{"start":{"line":106,"column":8},"end":{"line":106,"column":19}},"61":{"start":{"line":110,"column":21},"end":{"line":118,"column":1}},"62":{"start":{"line":111,"column":4},"end":{"line":117,"column":5}},"63":{"start":{"line":112,"column":21},"end":{"line":112,"column":31}},"64":{"start":{"line":113,"column":25},"end":{"line":113,"column":67}},"65":{"start":{"line":114,"column":8},"end":{"line":114,"column":41}},"66":{"start":{"line":116,"column":8},"end":{"line":116,"column":19}},"67":{"start":{"line":120,"column":21},"end":{"line":137,"column":1}},"68":{"start":{"line":121,"column":18},"end":{"line":121,"column":45}},"69":{"start":{"line":123,"column":4},"end":{"line":136,"column":5}},"70":{"start":{"line":124,"column":8},"end":{"line":131,"column":11}},"71":{"start":{"line":125,"column":12},"end":{"line":130,"column":13}},"72":{"start":{"line":126,"column":16},"end":{"line":126,"column":63}},"73":{"start":{"line":128,"column":16},"end":{"line":128,"column":38}},"74":{"start":{"line":129,"column":16},"end":{"line":129,"column":23}},"75":{"start":{"line":133,"column":8},"end":{"line":135,"column":11}},"76":{"start":{"line":139,"column":15},"end":{"line":153,"column":1}},"77":{"start":{"line":140,"column":4},"end":{"line":152,"column":5}},"78":{"start":{"line":141,"column":19},"end":{"line":141,"column":34}},"79":{"start":{"line":142,"column":37},"end":{"line":142,"column":102}},"80":{"start":{"line":143,"column":8},"end":{"line":143,"column":53}},"81":{"start":{"line":144,"column":23},"end":{"line":144,"column":54}},"82":{"start":{"line":145,"column":31},"end":{"line":145,"column":84}},"83":{"start":{"line":146,"column":23},"end":{"line":146,"column":27}},"84":{"start":{"line":147,"column":29},"end":{"line":147,"column":80}},"85":{"start":{"line":148,"column":8},"end":{"line":148,"column":33}},"86":{"start":{"line":149,"column":8},"end":{"line":149,"column":48}},"87":{"start":{"line":151,"column":8},"end":{"line":151,"column":19}},"88":{"start":{"line":155,"column":0},"end":{"line":163,"column":1}}},"fnMap":{"0":{"name":"(anonymous_0)","decl":{"start":{"line":9,"column":15},"end":{"line":9,"column":16}},"loc":{"start":{"line":9,"column":41},"end":{"line":46,"column":1}},"line":9},"1":{"name":"(anonymous_1)","decl":{"start":{"line":48,"column":14},"end":{"line":48,"column":15}},"loc":{"start":{"line":48,"column":40},"end":{"line":56,"column":1}},"line":48},"2":{"name":"(anonymous_2)","decl":{"start":{"line":58,"column":15},"end":{"line":58,"column":16}},"loc":{"start":{"line":58,"column":41},"end":{"line":96,"column":1}},"line":58},"3":{"name":"(anonymous_3)","decl":{"start":{"line":69,"column":44},"end":{"line":69,"column":45}},"loc":{"start":{"line":69,"column":55},"end":{"line":73,"column":9}},"line":69},"4":{"name":"(anonymous_4)","decl":{"start":{"line":98,"column":15},"end":{"line":98,"column":16}},"loc":{"start":{"line":98,"column":41},"end":{"line":108,"column":1}},"line":98},"5":{"name":"(anonymous_5)","decl":{"start":{"line":110,"column":21},"end":{"line":110,"column":22}},"loc":{"start":{"line":110,"column":47},"end":{"line":118,"column":1}},"line":110},"6":{"name":"(anonymous_6)","decl":{"start":{"line":120,"column":21},"end":{"line":120,"column":22}},"loc":{"start":{"line":120,"column":41},"end":{"line":137,"column":1}},"line":120},"7":{"name":"(anonymous_7)","decl":{"start":{"line":124,"column":47},"end":{"line":124,"column":48}},"loc":{"start":{"line":124,"column":65},"end":{"line":131,"column":9}},"line":124},"8":{"name":"(anonymous_8)","decl":{"start":{"line":139,"column":15},"end":{"line":139,"column":16}},"loc":{"start":{"line":139,"column":41},"end":{"line":153,"column":1}},"line":139}},"branchMap":{"0":{"loc":{"start":{"line":22,"column":8},"end":{"line":29,"column":9}},"type":"if","locations":[{"start":{"line":22,"column":8},"end":{"line":29,"column":9}},{"start":{"line":22,"column":8},"end":{"line":29,"column":9}}],"line":22},"1":{"loc":{"start":{"line":31,"column":8},"end":{"line":36,"column":9}},"type":"if","locations":[{"start":{"line":31,"column":8},"end":{"line":36,"column":9}},{"start":{"line":31,"column":8},"end":{"line":36,"column":9}}],"line":31},"2":{"loc":{"start":{"line":70,"column":12},"end":{"line":72,"column":13}},"type":"if","locations":[{"start":{"line":70,"column":12},"end":{"line":72,"column":13}},{"start":{"line":70,"column":12},"end":{"line":72,"column":13}}],"line":70},"3":{"loc":{"start":{"line":123,"column":4},"end":{"line":136,"column":5}},"type":"if","locations":[{"start":{"line":123,"column":4},"end":{"line":136,"column":5}},{"start":{"line":123,"column":4},"end":{"line":136,"column":5}}],"line":123},"4":{"loc":{"start":{"line":125,"column":12},"end":{"line":130,"column":13}},"type":"if","locations":[{"start":{"line":125,"column":12},"end":{"line":130,"column":13}},{"start":{"line":125,"column":12},"end":{"line":130,"column":13}}],"line":125}},"s":{"0":3,"1":3,"2":3,"3":3,"4":3,"5":3,"6":3,"7":0,"8":0,"9":0,"10":0,"11":0,"12":0,"13":0,"14":0,"15":0,"16":0,"17":0,"18":0,"19":0,"20":0,"21":0,"22":0,"23":0,"24":0,"25":3,"26":0,"27":0,"28":0,"29":0,"30":0,"31":3,"32":3,"33":3,"34":3,"35":3,"36":3,"37":3,"38":3,"39":3,"40":3,"41":3,"42":180,"43":177,"44":3,"45":3,"46":3,"47":3,"48":3,"49":3,"50":3,"51":3,"52":0,"53":3,"54":1,"55":1,"56":1,"57":1,"58":1,"59":1,"60":0,"61":3,"62":1,"63":1,"64":1,"65":1,"66":0,"67":3,"68":2,"69":2,"70":2,"71":2,"72":0,"73":2,"74":2,"75":0,"76":3,"77":0,"78":0,"79":0,"80":0,"81":0,"82":0,"83":0,"84":0,"85":0,"86":0,"87":0,"88":3},"f":{"0":0,"1":0,"2":3,"3":180,"4":1,"5":1,"6":2,"7":2,"8":0},"b":{"0":[0,0],"1":[0,0],"2":[177,3],"3":[2,0],"4":[0,2]},"_coverageSchema":"1a1c01bbd47fc00a2c39e90264f33305004495a9","hash":"9ee7152183e01d2bb4d3da7ae75e945e7e314fcf"}
,"C:\\Users\\HP\\Documents\\MODULO NODE.JS\\IMDB\\src\\herpers\\nodemailer.js": {"path":"C:\\Users\\HP\\Documents\\MODULO NODE.JS\\IMDB\\src\\herpers\\nodemailer.js","statementMap":{"0":{"start":{"line":1,"column":0},"end":{"line":1,"column":26}},"1":{"start":{"line":3,"column":19},"end":{"line":3,"column":40}},"2":{"start":{"line":4,"column":19},"end":{"line":4,"column":40}},"3":{"start":{"line":5,"column":12},"end":{"line":5,"column":52}},"4":{"start":{"line":6,"column":11},"end":{"line":6,"column":24}},"5":{"start":{"line":7,"column":13},"end":{"line":7,"column":42}},"6":{"start":{"line":8,"column":0},"end":{"line":8,"column":48}},"7":{"start":{"line":10,"column":15},"end":{"line":10,"column":44}},"8":{"start":{"line":12,"column":25},"end":{"line":38,"column":1}},"9":{"start":{"line":13,"column":24},"end":{"line":17,"column":5}},"10":{"start":{"line":18,"column":4},"end":{"line":18,"column":77}},"11":{"start":{"line":20,"column":4},"end":{"line":37,"column":5}},"12":{"start":{"line":21,"column":28},"end":{"line":21,"column":62}},"13":{"start":{"line":22,"column":28},"end":{"line":32,"column":10}},"14":{"start":{"line":33,"column":8},"end":{"line":33,"column":27}},"15":{"start":{"line":36,"column":8},"end":{"line":36,"column":27}},"16":{"start":{"line":40,"column":18},"end":{"line":52,"column":1}},"17":{"start":{"line":42,"column":33},"end":{"line":42,"column":57}},"18":{"start":{"line":43,"column":8},"end":{"line":46,"column":11}},"19":{"start":{"line":47,"column":21},"end":{"line":47,"column":61}},"20":{"start":{"line":48,"column":8},"end":{"line":48,"column":26}},"21":{"start":{"line":54,"column":13},"end":{"line":54,"column":79}},"22":{"start":{"line":58,"column":0},"end":{"line":60,"column":1}}},"fnMap":{"0":{"name":"(anonymous_0)","decl":{"start":{"line":12,"column":25},"end":{"line":12,"column":26}},"loc":{"start":{"line":12,"column":37},"end":{"line":38,"column":1}},"line":12},"1":{"name":"(anonymous_1)","decl":{"start":{"line":40,"column":18},"end":{"line":40,"column":19}},"loc":{"start":{"line":40,"column":37},"end":{"line":52,"column":1}},"line":40}},"branchMap":{},"s":{"0":3,"1":3,"2":3,"3":3,"4":3,"5":3,"6":3,"7":3,"8":3,"9":3,"10":3,"11":3,"12":3,"13":1,"14":1,"15":0,"16":3,"17":3,"18":1,"19":1,"20":0,"21":3,"22":3},"f":{"0":3,"1":3},"b":{},"_coverageSchema":"1a1c01bbd47fc00a2c39e90264f33305004495a9","hash":"847702436be5a38a3000fcdfdc9e3ba16e5572a1"}
,"C:\\Users\\HP\\Documents\\MODULO NODE.JS\\IMDB\\src\\models\\actors.js": {"path":"C:\\Users\\HP\\Documents\\MODULO NODE.JS\\IMDB\\src\\models\\actors.js","statementMap":{"0":{"start":{"line":4,"column":4},"end":{"line":4,"column":24}},"1":{"start":{"line":5,"column":0},"end":{"line":45,"column":2}},"2":{"start":{"line":8,"column":6},"end":{"line":10,"column":8}},"3":{"start":{"line":13,"column":2},"end":{"line":43,"column":5}},"4":{"start":{"line":44,"column":2},"end":{"line":44,"column":16}}},"fnMap":{"0":{"name":"(anonymous_0)","decl":{"start":{"line":5,"column":17},"end":{"line":5,"column":18}},"loc":{"start":{"line":5,"column":43},"end":{"line":45,"column":1}},"line":5},"1":{"name":"(anonymous_1)","decl":{"start":{"line":7,"column":4},"end":{"line":7,"column":5}},"loc":{"start":{"line":7,"column":29},"end":{"line":11,"column":5}},"line":7}},"branchMap":{},"s":{"0":3,"1":3,"2":3,"3":3,"4":3},"f":{"0":3,"1":3},"b":{},"_coverageSchema":"1a1c01bbd47fc00a2c39e90264f33305004495a9","hash":"0ba278410943c3282dd5660aff08702bc7a3264e"}
,"C:\\Users\\HP\\Documents\\MODULO NODE.JS\\IMDB\\src\\models\\content_actors.js": {"path":"C:\\Users\\HP\\Documents\\MODULO NODE.JS\\IMDB\\src\\models\\content_actors.js","statementMap":{"0":{"start":{"line":4,"column":4},"end":{"line":4,"column":24}},"1":{"start":{"line":5,"column":0},"end":{"line":26,"column":2}},"2":{"start":{"line":8,"column":6},"end":{"line":10,"column":8}},"3":{"start":{"line":11,"column":6},"end":{"line":13,"column":8}},"4":{"start":{"line":16,"column":2},"end":{"line":24,"column":5}},"5":{"start":{"line":25,"column":2},"end":{"line":25,"column":24}}},"fnMap":{"0":{"name":"(anonymous_0)","decl":{"start":{"line":5,"column":17},"end":{"line":5,"column":18}},"loc":{"start":{"line":5,"column":43},"end":{"line":26,"column":1}},"line":5},"1":{"name":"(anonymous_1)","decl":{"start":{"line":7,"column":4},"end":{"line":7,"column":5}},"loc":{"start":{"line":7,"column":29},"end":{"line":14,"column":5}},"line":7}},"branchMap":{},"s":{"0":3,"1":3,"2":3,"3":3,"4":3,"5":3},"f":{"0":3,"1":3},"b":{},"_coverageSchema":"1a1c01bbd47fc00a2c39e90264f33305004495a9","hash":"4e22c579f8d03540f499aeaca345c7f37a9bb815"}
,"C:\\Users\\HP\\Documents\\MODULO NODE.JS\\IMDB\\src\\models\\content_directors.js": {"path":"C:\\Users\\HP\\Documents\\MODULO NODE.JS\\IMDB\\src\\models\\content_directors.js","statementMap":{"0":{"start":{"line":4,"column":4},"end":{"line":4,"column":24}},"1":{"start":{"line":5,"column":0},"end":{"line":26,"column":2}},"2":{"start":{"line":8,"column":6},"end":{"line":10,"column":8}},"3":{"start":{"line":11,"column":6},"end":{"line":13,"column":8}},"4":{"start":{"line":16,"column":2},"end":{"line":24,"column":5}},"5":{"start":{"line":25,"column":2},"end":{"line":25,"column":27}}},"fnMap":{"0":{"name":"(anonymous_0)","decl":{"start":{"line":5,"column":17},"end":{"line":5,"column":18}},"loc":{"start":{"line":5,"column":43},"end":{"line":26,"column":1}},"line":5},"1":{"name":"(anonymous_1)","decl":{"start":{"line":7,"column":4},"end":{"line":7,"column":5}},"loc":{"start":{"line":7,"column":29},"end":{"line":14,"column":5}},"line":7}},"branchMap":{},"s":{"0":3,"1":3,"2":3,"3":3,"4":3,"5":3},"f":{"0":3,"1":3},"b":{},"_coverageSchema":"1a1c01bbd47fc00a2c39e90264f33305004495a9","hash":"af0171bc2287e3df3d236f5ba85940c9650ab448"}
,"C:\\Users\\HP\\Documents\\MODULO NODE.JS\\IMDB\\src\\models\\content_genres.js": {"path":"C:\\Users\\HP\\Documents\\MODULO NODE.JS\\IMDB\\src\\models\\content_genres.js","statementMap":{"0":{"start":{"line":4,"column":4},"end":{"line":4,"column":24}},"1":{"start":{"line":5,"column":0},"end":{"line":26,"column":2}},"2":{"start":{"line":8,"column":6},"end":{"line":10,"column":8}},"3":{"start":{"line":11,"column":6},"end":{"line":13,"column":8}},"4":{"start":{"line":16,"column":2},"end":{"line":24,"column":5}},"5":{"start":{"line":25,"column":2},"end":{"line":25,"column":24}}},"fnMap":{"0":{"name":"(anonymous_0)","decl":{"start":{"line":5,"column":17},"end":{"line":5,"column":18}},"loc":{"start":{"line":5,"column":43},"end":{"line":26,"column":1}},"line":5},"1":{"name":"(anonymous_1)","decl":{"start":{"line":7,"column":4},"end":{"line":7,"column":5}},"loc":{"start":{"line":7,"column":29},"end":{"line":14,"column":5}},"line":7}},"branchMap":{},"s":{"0":3,"1":3,"2":3,"3":3,"4":3,"5":3},"f":{"0":3,"1":3},"b":{},"_coverageSchema":"1a1c01bbd47fc00a2c39e90264f33305004495a9","hash":"89bdb0f7d44f7c01425a53669660ec94529efb8a"}
,"C:\\Users\\HP\\Documents\\MODULO NODE.JS\\IMDB\\src\\models\\contents.js": {"path":"C:\\Users\\HP\\Documents\\MODULO NODE.JS\\IMDB\\src\\models\\contents.js","statementMap":{"0":{"start":{"line":4,"column":4},"end":{"line":4,"column":24}},"1":{"start":{"line":5,"column":0},"end":{"line":27,"column":2}},"2":{"start":{"line":8,"column":6},"end":{"line":10,"column":9}},"3":{"start":{"line":11,"column":6},"end":{"line":13,"column":9}},"4":{"start":{"line":14,"column":6},"end":{"line":16,"column":8}},"5":{"start":{"line":19,"column":2},"end":{"line":25,"column":5}},"6":{"start":{"line":26,"column":2},"end":{"line":26,"column":18}}},"fnMap":{"0":{"name":"(anonymous_0)","decl":{"start":{"line":5,"column":17},"end":{"line":5,"column":18}},"loc":{"start":{"line":5,"column":43},"end":{"line":27,"column":1}},"line":5},"1":{"name":"(anonymous_1)","decl":{"start":{"line":7,"column":4},"end":{"line":7,"column":5}},"loc":{"start":{"line":7,"column":29},"end":{"line":17,"column":5}},"line":7}},"branchMap":{},"s":{"0":3,"1":3,"2":3,"3":3,"4":3,"5":3,"6":3},"f":{"0":3,"1":3},"b":{},"_coverageSchema":"1a1c01bbd47fc00a2c39e90264f33305004495a9","hash":"2eeaf842969ed6cd492c664dafe3ab63ac6a9fc4"}
,"C:\\Users\\HP\\Documents\\MODULO NODE.JS\\IMDB\\src\\models\\directors.js": {"path":"C:\\Users\\HP\\Documents\\MODULO NODE.JS\\IMDB\\src\\models\\directors.js","statementMap":{"0":{"start":{"line":4,"column":4},"end":{"line":4,"column":24}},"1":{"start":{"line":5,"column":0},"end":{"line":47,"column":2}},"2":{"start":{"line":8,"column":6},"end":{"line":10,"column":8}},"3":{"start":{"line":13,"column":2},"end":{"line":45,"column":5}},"4":{"start":{"line":46,"column":2},"end":{"line":46,"column":19}}},"fnMap":{"0":{"name":"(anonymous_0)","decl":{"start":{"line":5,"column":17},"end":{"line":5,"column":18}},"loc":{"start":{"line":5,"column":43},"end":{"line":47,"column":1}},"line":5},"1":{"name":"(anonymous_1)","decl":{"start":{"line":7,"column":4},"end":{"line":7,"column":5}},"loc":{"start":{"line":7,"column":29},"end":{"line":11,"column":5}},"line":7}},"branchMap":{},"s":{"0":3,"1":3,"2":3,"3":3,"4":3},"f":{"0":3,"1":3},"b":{},"_coverageSchema":"1a1c01bbd47fc00a2c39e90264f33305004495a9","hash":"fe5c00ffb81b257353ea521ede0cf0c852a14fa6"}
,"C:\\Users\\HP\\Documents\\MODULO NODE.JS\\IMDB\\src\\models\\genres.js": {"path":"C:\\Users\\HP\\Documents\\MODULO NODE.JS\\IMDB\\src\\models\\genres.js","statementMap":{"0":{"start":{"line":4,"column":4},"end":{"line":4,"column":24}},"1":{"start":{"line":5,"column":0},"end":{"line":22,"column":2}},"2":{"start":{"line":8,"column":6},"end":{"line":10,"column":9}},"3":{"start":{"line":13,"column":2},"end":{"line":20,"column":5}},"4":{"start":{"line":21,"column":2},"end":{"line":21,"column":16}}},"fnMap":{"0":{"name":"(anonymous_0)","decl":{"start":{"line":5,"column":17},"end":{"line":5,"column":18}},"loc":{"start":{"line":5,"column":43},"end":{"line":22,"column":1}},"line":5},"1":{"name":"(anonymous_1)","decl":{"start":{"line":7,"column":4},"end":{"line":7,"column":5}},"loc":{"start":{"line":7,"column":29},"end":{"line":11,"column":5}},"line":7}},"branchMap":{},"s":{"0":3,"1":3,"2":3,"3":3,"4":3},"f":{"0":3,"1":3},"b":{},"_coverageSchema":"1a1c01bbd47fc00a2c39e90264f33305004495a9","hash":"18c69a30a81ec7fce6aaf0aabb49a235fdce5ef9"}
,"C:\\Users\\HP\\Documents\\MODULO NODE.JS\\IMDB\\src\\models\\index.js": {"path":"C:\\Users\\HP\\Documents\\MODULO NODE.JS\\IMDB\\src\\models\\index.js","statementMap":{"0":{"start":{"line":3,"column":11},"end":{"line":3,"column":24}},"1":{"start":{"line":4,"column":13},"end":{"line":4,"column":28}},"2":{"start":{"line":5,"column":18},"end":{"line":5,"column":38}},"3":{"start":{"line":6,"column":17},"end":{"line":6,"column":42}},"4":{"start":{"line":7,"column":12},"end":{"line":7,"column":49}},"5":{"start":{"line":8,"column":15},"end":{"line":8,"column":63}},"6":{"start":{"line":9,"column":11},"end":{"line":9,"column":13}},"7":{"start":{"line":12,"column":0},"end":{"line":16,"column":1}},"8":{"start":{"line":13,"column":2},"end":{"line":13,"column":74}},"9":{"start":{"line":15,"column":2},"end":{"line":15,"column":87}},"10":{"start":{"line":18,"column":0},"end":{"line":26,"column":5}},"11":{"start":{"line":21,"column":4},"end":{"line":21,"column":90}},"12":{"start":{"line":24,"column":18},"end":{"line":24,"column":85}},"13":{"start":{"line":25,"column":4},"end":{"line":25,"column":27}},"14":{"start":{"line":28,"column":0},"end":{"line":32,"column":3}},"15":{"start":{"line":29,"column":2},"end":{"line":31,"column":3}},"16":{"start":{"line":30,"column":4},"end":{"line":30,"column":32}},"17":{"start":{"line":34,"column":0},"end":{"line":34,"column":25}},"18":{"start":{"line":35,"column":0},"end":{"line":35,"column":25}},"19":{"start":{"line":37,"column":0},"end":{"line":37,"column":20}}},"fnMap":{"0":{"name":"(anonymous_0)","decl":{"start":{"line":20,"column":10},"end":{"line":20,"column":11}},"loc":{"start":{"line":20,"column":18},"end":{"line":22,"column":3}},"line":20},"1":{"name":"(anonymous_1)","decl":{"start":{"line":23,"column":11},"end":{"line":23,"column":12}},"loc":{"start":{"line":23,"column":19},"end":{"line":26,"column":3}},"line":23},"2":{"name":"(anonymous_2)","decl":{"start":{"line":28,"column":24},"end":{"line":28,"column":25}},"loc":{"start":{"line":28,"column":37},"end":{"line":32,"column":1}},"line":28}},"branchMap":{"0":{"loc":{"start":{"line":7,"column":12},"end":{"line":7,"column":49}},"type":"binary-expr","locations":[{"start":{"line":7,"column":12},"end":{"line":7,"column":32}},{"start":{"line":7,"column":36},"end":{"line":7,"column":49}}],"line":7},"1":{"loc":{"start":{"line":12,"column":0},"end":{"line":16,"column":1}},"type":"if","locations":[{"start":{"line":12,"column":0},"end":{"line":16,"column":1}},{"start":{"line":12,"column":0},"end":{"line":16,"column":1}}],"line":12},"2":{"loc":{"start":{"line":21,"column":11},"end":{"line":21,"column":89}},"type":"binary-expr","locations":[{"start":{"line":21,"column":12},"end":{"line":21,"column":35}},{"start":{"line":21,"column":41},"end":{"line":21,"column":58}},{"start":{"line":21,"column":64},"end":{"line":21,"column":88}}],"line":21},"3":{"loc":{"start":{"line":29,"column":2},"end":{"line":31,"column":3}},"type":"if","locations":[{"start":{"line":29,"column":2},"end":{"line":31,"column":3}},{"start":{"line":29,"column":2},"end":{"line":31,"column":3}}],"line":29}},"s":{"0":3,"1":3,"2":3,"3":3,"4":3,"5":3,"6":3,"7":3,"8":0,"9":3,"10":3,"11":30,"12":27,"13":27,"14":3,"15":27,"16":27,"17":3,"18":3,"19":3},"f":{"0":30,"1":27,"2":27},"b":{"0":[3,0],"1":[0,3],"2":[30,30,27],"3":[27,0]},"_coverageSchema":"1a1c01bbd47fc00a2c39e90264f33305004495a9","hash":"305f45592a019cab0fb96566f7acdcb7c845d306"}
,"C:\\Users\\HP\\Documents\\MODULO NODE.JS\\IMDB\\src\\models\\users.js": {"path":"C:\\Users\\HP\\Documents\\MODULO NODE.JS\\IMDB\\src\\models\\users.js","statementMap":{"0":{"start":{"line":4,"column":4},"end":{"line":4,"column":24}},"1":{"start":{"line":5,"column":0},"end":{"line":49,"column":2}},"2":{"start":{"line":11,"column":2},"end":{"line":47,"column":5}},"3":{"start":{"line":48,"column":2},"end":{"line":48,"column":15}}},"fnMap":{"0":{"name":"(anonymous_0)","decl":{"start":{"line":5,"column":17},"end":{"line":5,"column":18}},"loc":{"start":{"line":5,"column":43},"end":{"line":49,"column":1}},"line":5},"1":{"name":"(anonymous_1)","decl":{"start":{"line":7,"column":4},"end":{"line":7,"column":5}},"loc":{"start":{"line":7,"column":29},"end":{"line":9,"column":5}},"line":7}},"branchMap":{},"s":{"0":3,"1":3,"2":3,"3":3},"f":{"0":3,"1":3},"b":{},"_coverageSchema":"1a1c01bbd47fc00a2c39e90264f33305004495a9","hash":"6eac6a8615940cb1ba10285d55b9b800183955d5"}
,"C:\\Users\\HP\\Documents\\MODULO NODE.JS\\IMDB\\src\\models\\validate_accounts.js": {"path":"C:\\Users\\HP\\Documents\\MODULO NODE.JS\\IMDB\\src\\models\\validate_accounts.js","statementMap":{"0":{"start":{"line":4,"column":4},"end":{"line":4,"column":24}},"1":{"start":{"line":5,"column":0},"end":{"line":25,"column":2}},"2":{"start":{"line":16,"column":2},"end":{"line":23,"column":5}},"3":{"start":{"line":24,"column":2},"end":{"line":24,"column":27}}},"fnMap":{"0":{"name":"(anonymous_0)","decl":{"start":{"line":5,"column":17},"end":{"line":5,"column":18}},"loc":{"start":{"line":5,"column":43},"end":{"line":25,"column":1}},"line":5},"1":{"name":"(anonymous_1)","decl":{"start":{"line":12,"column":4},"end":{"line":12,"column":5}},"loc":{"start":{"line":12,"column":29},"end":{"line":14,"column":5}},"line":12}},"branchMap":{},"s":{"0":3,"1":3,"2":3,"3":3},"f":{"0":3,"1":3},"b":{},"_coverageSchema":"1a1c01bbd47fc00a2c39e90264f33305004495a9","hash":"83e590985ba4574a3116ffed3f975f1a680a203e"}
,"C:\\Users\\HP\\Documents\\MODULO NODE.JS\\IMDB\\src\\routers\\actors.js": {"path":"C:\\Users\\HP\\Documents\\MODULO NODE.JS\\IMDB\\src\\routers\\actors.js","statementMap":{"0":{"start":{"line":1,"column":19},"end":{"line":1,"column":37}},"1":{"start":{"line":2,"column":15},"end":{"line":2,"column":32}},"2":{"start":{"line":3,"column":18},"end":{"line":3,"column":39}},"3":{"start":{"line":4,"column":20},"end":{"line":4,"column":64}},"4":{"start":{"line":5,"column":83},"end":{"line":5,"column":127}},"5":{"start":{"line":7,"column":16},"end":{"line":15,"column":2}},"6":{"start":{"line":9,"column":8},"end":{"line":9,"column":40}},"7":{"start":{"line":12,"column":20},"end":{"line":12,"column":54}},"8":{"start":{"line":13,"column":8},"end":{"line":13,"column":63}},"9":{"start":{"line":17,"column":15},"end":{"line":17,"column":23}},"10":{"start":{"line":18,"column":15},"end":{"line":18,"column":41}},"11":{"start":{"line":20,"column":0},"end":{"line":20,"column":42}},"12":{"start":{"line":21,"column":0},"end":{"line":21,"column":45}},"13":{"start":{"line":22,"column":0},"end":{"line":22,"column":44}},"14":{"start":{"line":23,"column":0},"end":{"line":23,"column":91}},"15":{"start":{"line":24,"column":0},"end":{"line":24,"column":47}},"16":{"start":{"line":25,"column":0},"end":{"line":25,"column":55}},"17":{"start":{"line":29,"column":0},"end":{"line":29,"column":24}}},"fnMap":{"0":{"name":"(anonymous_0)","decl":{"start":{"line":8,"column":17},"end":{"line":8,"column":18}},"loc":{"start":{"line":8,"column":36},"end":{"line":10,"column":5}},"line":8},"1":{"name":"(anonymous_1)","decl":{"start":{"line":11,"column":14},"end":{"line":11,"column":15}},"loc":{"start":{"line":11,"column":33},"end":{"line":14,"column":5}},"line":11}},"branchMap":{},"s":{"0":3,"1":3,"2":3,"3":3,"4":3,"5":3,"6":0,"7":0,"8":0,"9":3,"10":3,"11":3,"12":3,"13":3,"14":3,"15":3,"16":3,"17":3},"f":{"0":0,"1":0},"b":{},"_coverageSchema":"1a1c01bbd47fc00a2c39e90264f33305004495a9","hash":"79ab769fe542471279fc0d2cec7df33a4a46f581"}
,"C:\\Users\\HP\\Documents\\MODULO NODE.JS\\IMDB\\src\\routers\\auth.js": {"path":"C:\\Users\\HP\\Documents\\MODULO NODE.JS\\IMDB\\src\\routers\\auth.js","statementMap":{"0":{"start":{"line":1,"column":19},"end":{"line":1,"column":37}},"1":{"start":{"line":2,"column":18},"end":{"line":2,"column":59}},"2":{"start":{"line":4,"column":15},"end":{"line":4,"column":23}},"3":{"start":{"line":6,"column":0},"end":{"line":6,"column":28}},"4":{"start":{"line":8,"column":0},"end":{"line":8,"column":24}}},"fnMap":{},"branchMap":{},"s":{"0":3,"1":3,"2":3,"3":3,"4":3},"f":{},"b":{},"_coverageSchema":"1a1c01bbd47fc00a2c39e90264f33305004495a9","hash":"d6bdffde7c4d1358927de8785563b5c080d4d531"}
,"C:\\Users\\HP\\Documents\\MODULO NODE.JS\\IMDB\\src\\routers\\directors.js": {"path":"C:\\Users\\HP\\Documents\\MODULO NODE.JS\\IMDB\\src\\routers\\directors.js","statementMap":{"0":{"start":{"line":1,"column":19},"end":{"line":1,"column":37}},"1":{"start":{"line":2,"column":15},"end":{"line":2,"column":32}},"2":{"start":{"line":3,"column":18},"end":{"line":3,"column":39}},"3":{"start":{"line":4,"column":82},"end":{"line":4,"column":129}},"4":{"start":{"line":5,"column":20},"end":{"line":5,"column":64}},"5":{"start":{"line":8,"column":16},"end":{"line":16,"column":2}},"6":{"start":{"line":10,"column":8},"end":{"line":10,"column":43}},"7":{"start":{"line":13,"column":20},"end":{"line":13,"column":54}},"8":{"start":{"line":14,"column":8},"end":{"line":14,"column":63}},"9":{"start":{"line":18,"column":15},"end":{"line":18,"column":23}},"10":{"start":{"line":19,"column":15},"end":{"line":19,"column":41}},"11":{"start":{"line":21,"column":0},"end":{"line":21,"column":45}},"12":{"start":{"line":22,"column":0},"end":{"line":22,"column":48}},"13":{"start":{"line":23,"column":0},"end":{"line":23,"column":46}},"14":{"start":{"line":24,"column":0},"end":{"line":24,"column":94}},"15":{"start":{"line":25,"column":0},"end":{"line":25,"column":49}},"16":{"start":{"line":26,"column":0},"end":{"line":26,"column":58}},"17":{"start":{"line":29,"column":0},"end":{"line":29,"column":24}}},"fnMap":{"0":{"name":"(anonymous_0)","decl":{"start":{"line":9,"column":17},"end":{"line":9,"column":18}},"loc":{"start":{"line":9,"column":36},"end":{"line":11,"column":5}},"line":9},"1":{"name":"(anonymous_1)","decl":{"start":{"line":12,"column":14},"end":{"line":12,"column":15}},"loc":{"start":{"line":12,"column":33},"end":{"line":15,"column":5}},"line":12}},"branchMap":{},"s":{"0":3,"1":3,"2":3,"3":3,"4":3,"5":3,"6":0,"7":0,"8":0,"9":3,"10":3,"11":3,"12":3,"13":3,"14":3,"15":3,"16":3,"17":3},"f":{"0":0,"1":0},"b":{},"_coverageSchema":"1a1c01bbd47fc00a2c39e90264f33305004495a9","hash":"12f9fb94b2326563c701ffa334c62e588648e776"}
,"C:\\Users\\HP\\Documents\\MODULO NODE.JS\\IMDB\\src\\routers\\users.js": {"path":"C:\\Users\\HP\\Documents\\MODULO NODE.JS\\IMDB\\src\\routers\\users.js","statementMap":{"0":{"start":{"line":1,"column":19},"end":{"line":1,"column":37}},"1":{"start":{"line":2,"column":77},"end":{"line":2,"column":119}},"2":{"start":{"line":4,"column":15},"end":{"line":4,"column":23}},"3":{"start":{"line":6,"column":0},"end":{"line":6,"column":41}},"4":{"start":{"line":7,"column":0},"end":{"line":7,"column":44}},"5":{"start":{"line":8,"column":0},"end":{"line":8,"column":29}},"6":{"start":{"line":9,"column":0},"end":{"line":9,"column":36}},"7":{"start":{"line":10,"column":0},"end":{"line":10,"column":45}},"8":{"start":{"line":11,"column":0},"end":{"line":11,"column":54}},"9":{"start":{"line":14,"column":0},"end":{"line":14,"column":24}}},"fnMap":{},"branchMap":{},"s":{"0":3,"1":3,"2":3,"3":3,"4":3,"5":3,"6":3,"7":3,"8":3,"9":3},"f":{},"b":{},"_coverageSchema":"1a1c01bbd47fc00a2c39e90264f33305004495a9","hash":"0db3327221f21061af852eee4dbfc7598d83bdf1"}
}
