{"C:\\Users\\HP\\Documents\\MODULO NODE.JS\\IMDB\\src\\app.js": {"path":"C:\\Users\\HP\\Documents\\MODULO NODE.JS\\IMDB\\src\\app.js","statementMap":{"0":{"start":{"line":1,"column":0},"end":{"line":1,"column":26}},"1":{"start":{"line":2,"column":16},"end":{"line":2,"column":34}},"2":{"start":{"line":3,"column":36},"end":{"line":3,"column":67}},"3":{"start":{"line":4,"column":11},"end":{"line":4,"column":24}},"4":{"start":{"line":5,"column":13},"end":{"line":5,"column":28}},"5":{"start":{"line":6,"column":15},"end":{"line":6,"column":32}},"6":{"start":{"line":7,"column":21},"end":{"line":7,"column":48}},"7":{"start":{"line":8,"column":24},"end":{"line":8,"column":54}},"8":{"start":{"line":9,"column":20},"end":{"line":9,"column":46}},"9":{"start":{"line":10,"column":23},"end":{"line":10,"column":52}},"10":{"start":{"line":11,"column":14},"end":{"line":11,"column":39}},"11":{"start":{"line":12,"column":15},"end":{"line":12,"column":32}},"12":{"start":{"line":13,"column":18},"end":{"line":13,"column":42}},"13":{"start":{"line":14,"column":18},"end":{"line":14,"column":47}},"14":{"start":{"line":15,"column":24},"end":{"line":15,"column":50}},"15":{"start":{"line":16,"column":12},"end":{"line":16,"column":52}},"16":{"start":{"line":17,"column":20},"end":{"line":17,"column":47}},"17":{"start":{"line":20,"column":12},"end":{"line":20,"column":21}},"18":{"start":{"line":25,"column":0},"end":{"line":25,"column":72}},"19":{"start":{"line":27,"column":0},"end":{"line":27,"column":16}},"20":{"start":{"line":28,"column":0},"end":{"line":28,"column":18}},"21":{"start":{"line":29,"column":0},"end":{"line":29,"column":24}},"22":{"start":{"line":30,"column":0},"end":{"line":30,"column":49}},"23":{"start":{"line":32,"column":0},"end":{"line":32,"column":32}},"24":{"start":{"line":33,"column":0},"end":{"line":33,"column":35}},"25":{"start":{"line":34,"column":0},"end":{"line":34,"column":35}},"26":{"start":{"line":35,"column":0},"end":{"line":35,"column":31}},"27":{"start":{"line":36,"column":0},"end":{"line":36,"column":26}},"28":{"start":{"line":37,"column":0},"end":{"line":43,"column":2}},"29":{"start":{"line":38,"column":2},"end":{"line":42,"column":3}},"30":{"start":{"line":39,"column":4},"end":{"line":39,"column":49}},"31":{"start":{"line":41,"column":4},"end":{"line":41,"column":15}},"32":{"start":{"line":45,"column":0},"end":{"line":54,"column":3}},"33":{"start":{"line":46,"column":2},"end":{"line":52,"column":3}},"34":{"start":{"line":47,"column":19},"end":{"line":47,"column":21}},"35":{"start":{"line":48,"column":4},"end":{"line":50,"column":6}},"36":{"start":{"line":49,"column":8},"end":{"line":49,"column":37}},"37":{"start":{"line":51,"column":4},"end":{"line":51,"column":40}},"38":{"start":{"line":53,"column":2},"end":{"line":53,"column":88}},"39":{"start":{"line":57,"column":1},"end":{"line":57,"column":95}},"40":{"start":{"line":60,"column":0},"end":{"line":60,"column":21}}},"fnMap":{"0":{"name":"(anonymous_0)","decl":{"start":{"line":37,"column":19},"end":{"line":37,"column":20}},"loc":{"start":{"line":37,"column":39},"end":{"line":43,"column":1}},"line":37},"1":{"name":"(anonymous_1)","decl":{"start":{"line":45,"column":8},"end":{"line":45,"column":9}},"loc":{"start":{"line":45,"column":33},"end":{"line":54,"column":1}},"line":45},"2":{"name":"(anonymous_2)","decl":{"start":{"line":48,"column":20},"end":{"line":48,"column":21}},"loc":{"start":{"line":48,"column":26},"end":{"line":50,"column":5}},"line":48}},"branchMap":{"0":{"loc":{"start":{"line":46,"column":2},"end":{"line":52,"column":3}},"type":"if","locations":[{"start":{"line":46,"column":2},"end":{"line":52,"column":3}},{"start":{"line":46,"column":2},"end":{"line":52,"column":3}}],"line":46}},"s":{"0":4,"1":4,"2":4,"3":4,"4":4,"5":4,"6":4,"7":4,"8":4,"9":4,"10":4,"11":4,"12":4,"13":4,"14":4,"15":4,"16":4,"17":4,"18":4,"19":4,"20":4,"21":4,"22":4,"23":4,"24":4,"25":4,"26":4,"27":4,"28":4,"29":0,"30":0,"31":0,"32":4,"33":0,"34":0,"35":0,"36":0,"37":0,"38":0,"39":4,"40":4},"f":{"0":0,"1":0,"2":0},"b":{"0":[0,0]},"_coverageSchema":"1a1c01bbd47fc00a2c39e90264f33305004495a9","hash":"227c38cf075f14c79ff1e85f40f9b096f21addaa"}
,"C:\\Users\\HP\\Documents\\MODULO NODE.JS\\IMDB\\src\\config\\config.js": {"path":"C:\\Users\\HP\\Documents\\MODULO NODE.JS\\IMDB\\src\\config\\config.js","statementMap":{"0":{"start":{"line":1,"column":0},"end":{"line":23,"column":1}}},"fnMap":{},"branchMap":{},"s":{"0":4},"f":{},"b":{},"_coverageSchema":"1a1c01bbd47fc00a2c39e90264f33305004495a9","hash":"ea56174fc70e9967b0fa11bfdb3cca9bd591460d"}
,"C:\\Users\\HP\\Documents\\MODULO NODE.JS\\IMDB\\src\\controllers\\actors.controllers.js": {"path":"C:\\Users\\HP\\Documents\\MODULO NODE.JS\\IMDB\\src\\controllers\\actors.controllers.js","statementMap":{"0":{"start":{"line":1,"column":20},"end":{"line":1,"column":40}},"1":{"start":{"line":2,"column":12},"end":{"line":2,"column":35}},"2":{"start":{"line":5,"column":15},"end":{"line":55,"column":1}},"3":{"start":{"line":6,"column":4},"end":{"line":54,"column":5}},"4":{"start":{"line":7,"column":21},"end":{"line":7,"column":45}},"5":{"start":{"line":8,"column":22},"end":{"line":8,"column":47}},"6":{"start":{"line":10,"column":8},"end":{"line":10,"column":33}},"7":{"start":{"line":12,"column":25},"end":{"line":12,"column":43}},"8":{"start":{"line":13,"column":23},"end":{"line":13,"column":35}},"9":{"start":{"line":15,"column":27},"end":{"line":15,"column":62}},"10":{"start":{"line":17,"column":23},"end":{"line":17,"column":25}},"11":{"start":{"line":18,"column":8},"end":{"line":31,"column":9}},"12":{"start":{"line":19,"column":28},"end":{"line":19,"column":66}},"13":{"start":{"line":20,"column":12},"end":{"line":24,"column":13}},"14":{"start":{"line":26,"column":12},"end":{"line":30,"column":13}},"15":{"start":{"line":33,"column":8},"end":{"line":46,"column":9}},"16":{"start":{"line":34,"column":28},"end":{"line":34,"column":66}},"17":{"start":{"line":35,"column":12},"end":{"line":39,"column":13}},"18":{"start":{"line":41,"column":12},"end":{"line":45,"column":13}},"19":{"start":{"line":48,"column":8},"end":{"line":48,"column":77}},"20":{"start":{"line":50,"column":8},"end":{"line":50,"column":37}},"21":{"start":{"line":53,"column":8},"end":{"line":53,"column":19}},"22":{"start":{"line":57,"column":14},"end":{"line":65,"column":1}},"23":{"start":{"line":58,"column":4},"end":{"line":64,"column":5}},"24":{"start":{"line":59,"column":17},"end":{"line":59,"column":30}},"25":{"start":{"line":60,"column":24},"end":{"line":60,"column":78}},"26":{"start":{"line":61,"column":8},"end":{"line":61,"column":26}},"27":{"start":{"line":63,"column":8},"end":{"line":63,"column":19}},"28":{"start":{"line":67,"column":16},"end":{"line":75,"column":1}},"29":{"start":{"line":68,"column":4},"end":{"line":74,"column":5}},"30":{"start":{"line":69,"column":79},"end":{"line":69,"column":87}},"31":{"start":{"line":70,"column":20},"end":{"line":70,"column":81}},"32":{"start":{"line":71,"column":8},"end":{"line":71,"column":36}},"33":{"start":{"line":73,"column":8},"end":{"line":73,"column":19}},"34":{"start":{"line":77,"column":15},"end":{"line":86,"column":1}},"35":{"start":{"line":78,"column":4},"end":{"line":85,"column":5}},"36":{"start":{"line":79,"column":21},"end":{"line":79,"column":31}},"37":{"start":{"line":80,"column":79},"end":{"line":80,"column":87}},"38":{"start":{"line":81,"column":27},"end":{"line":81,"column":131}},"39":{"start":{"line":82,"column":8},"end":{"line":82,"column":42}},"40":{"start":{"line":84,"column":8},"end":{"line":84,"column":19}},"41":{"start":{"line":88,"column":21},"end":{"line":96,"column":1}},"42":{"start":{"line":89,"column":4},"end":{"line":95,"column":5}},"43":{"start":{"line":90,"column":21},"end":{"line":90,"column":31}},"44":{"start":{"line":91,"column":27},"end":{"line":91,"column":70}},"45":{"start":{"line":92,"column":8},"end":{"line":92,"column":43}},"46":{"start":{"line":94,"column":8},"end":{"line":94,"column":19}},"47":{"start":{"line":98,"column":20},"end":{"line":109,"column":1}},"48":{"start":{"line":99,"column":4},"end":{"line":108,"column":5}},"49":{"start":{"line":100,"column":21},"end":{"line":100,"column":31}},"50":{"start":{"line":101,"column":8},"end":{"line":101,"column":46}},"51":{"start":{"line":102,"column":26},"end":{"line":102,"column":80}},"52":{"start":{"line":103,"column":32},"end":{"line":103,"column":84}},"53":{"start":{"line":104,"column":8},"end":{"line":104,"column":39}},"54":{"start":{"line":105,"column":8},"end":{"line":105,"column":47}},"55":{"start":{"line":107,"column":8},"end":{"line":107,"column":19}},"56":{"start":{"line":111,"column":0},"end":{"line":118,"column":1}}},"fnMap":{"0":{"name":"(anonymous_0)","decl":{"start":{"line":5,"column":15},"end":{"line":5,"column":16}},"loc":{"start":{"line":5,"column":41},"end":{"line":55,"column":1}},"line":5},"1":{"name":"(anonymous_1)","decl":{"start":{"line":57,"column":14},"end":{"line":57,"column":15}},"loc":{"start":{"line":57,"column":40},"end":{"line":65,"column":1}},"line":57},"2":{"name":"(anonymous_2)","decl":{"start":{"line":67,"column":16},"end":{"line":67,"column":17}},"loc":{"start":{"line":67,"column":42},"end":{"line":75,"column":1}},"line":67},"3":{"name":"(anonymous_3)","decl":{"start":{"line":77,"column":15},"end":{"line":77,"column":16}},"loc":{"start":{"line":77,"column":41},"end":{"line":86,"column":1}},"line":77},"4":{"name":"(anonymous_4)","decl":{"start":{"line":88,"column":21},"end":{"line":88,"column":22}},"loc":{"start":{"line":88,"column":47},"end":{"line":96,"column":1}},"line":88},"5":{"name":"(anonymous_5)","decl":{"start":{"line":98,"column":20},"end":{"line":98,"column":21}},"loc":{"start":{"line":98,"column":46},"end":{"line":109,"column":1}},"line":98}},"branchMap":{"0":{"loc":{"start":{"line":18,"column":8},"end":{"line":31,"column":9}},"type":"if","locations":[{"start":{"line":18,"column":8},"end":{"line":31,"column":9}},{"start":{"line":18,"column":8},"end":{"line":31,"column":9}}],"line":18},"1":{"loc":{"start":{"line":33,"column":8},"end":{"line":46,"column":9}},"type":"if","locations":[{"start":{"line":33,"column":8},"end":{"line":46,"column":9}},{"start":{"line":33,"column":8},"end":{"line":46,"column":9}}],"line":33}},"s":{"0":4,"1":4,"2":4,"3":1,"4":1,"5":1,"6":1,"7":1,"8":1,"9":1,"10":1,"11":1,"12":0,"13":0,"14":0,"15":1,"16":0,"17":0,"18":0,"19":1,"20":1,"21":0,"22":4,"23":1,"24":1,"25":1,"26":1,"27":0,"28":4,"29":1,"30":1,"31":1,"32":1,"33":0,"34":4,"35":1,"36":1,"37":1,"38":1,"39":1,"40":0,"41":4,"42":1,"43":1,"44":1,"45":1,"46":0,"47":4,"48":0,"49":0,"50":0,"51":0,"52":0,"53":0,"54":0,"55":0,"56":4},"f":{"0":1,"1":1,"2":1,"3":1,"4":1,"5":0},"b":{"0":[0,1],"1":[0,1]},"_coverageSchema":"1a1c01bbd47fc00a2c39e90264f33305004495a9","hash":"0e45072146f5aa4bb614f9990ba359702c6c249f"}
,"C:\\Users\\HP\\Documents\\MODULO NODE.JS\\IMDB\\src\\controllers\\auth.controller.js": {"path":"C:\\Users\\HP\\Documents\\MODULO NODE.JS\\IMDB\\src\\controllers\\auth.controller.js","statementMap":{"0":{"start":{"line":1,"column":18},"end":{"line":1,"column":38}},"1":{"start":{"line":3,"column":15},"end":{"line":3,"column":34}},"2":{"start":{"line":4,"column":12},"end":{"line":4,"column":35}},"3":{"start":{"line":6,"column":14},"end":{"line":32,"column":1}},"4":{"start":{"line":7,"column":4},"end":{"line":31,"column":5}},"5":{"start":{"line":8,"column":34},"end":{"line":8,"column":42}},"6":{"start":{"line":10,"column":26},"end":{"line":10,"column":85}},"7":{"start":{"line":12,"column":8},"end":{"line":28,"column":9}},"8":{"start":{"line":13,"column":24},"end":{"line":13,"column":76}},"9":{"start":{"line":15,"column":12},"end":{"line":24,"column":13}},"10":{"start":{"line":16,"column":30},"end":{"line":19,"column":18}},"11":{"start":{"line":21,"column":16},"end":{"line":21,"column":61}},"12":{"start":{"line":23,"column":16},"end":{"line":23,"column":56}},"13":{"start":{"line":27,"column":12},"end":{"line":27,"column":52}},"14":{"start":{"line":30,"column":8},"end":{"line":30,"column":19}},"15":{"start":{"line":34,"column":0},"end":{"line":36,"column":2}}},"fnMap":{"0":{"name":"(anonymous_0)","decl":{"start":{"line":6,"column":14},"end":{"line":6,"column":15}},"loc":{"start":{"line":6,"column":40},"end":{"line":32,"column":1}},"line":6}},"branchMap":{"0":{"loc":{"start":{"line":12,"column":8},"end":{"line":28,"column":9}},"type":"if","locations":[{"start":{"line":12,"column":8},"end":{"line":28,"column":9}},{"start":{"line":12,"column":8},"end":{"line":28,"column":9}}],"line":12},"1":{"loc":{"start":{"line":15,"column":12},"end":{"line":24,"column":13}},"type":"if","locations":[{"start":{"line":15,"column":12},"end":{"line":24,"column":13}},{"start":{"line":15,"column":12},"end":{"line":24,"column":13}}],"line":15}},"s":{"0":4,"1":4,"2":4,"3":4,"4":4,"5":4,"6":4,"7":4,"8":4,"9":4,"10":4,"11":4,"12":0,"13":0,"14":0,"15":4},"f":{"0":4},"b":{"0":[4,0],"1":[4,0]},"_coverageSchema":"1a1c01bbd47fc00a2c39e90264f33305004495a9","hash":"6def1ef018bc34761c97fdc7141e1aa656ff4b89"}
,"C:\\Users\\HP\\Documents\\MODULO NODE.JS\\IMDB\\src\\controllers\\contents.controllers.js": {"path":"C:\\Users\\HP\\Documents\\MODULO NODE.JS\\IMDB\\src\\controllers\\contents.controllers.js","statementMap":{"0":{"start":{"line":1,"column":21},"end":{"line":1,"column":41}},"1":{"start":{"line":3,"column":16},"end":{"line":54,"column":1}},"2":{"start":{"line":4,"column":4},"end":{"line":53,"column":5}},"3":{"start":{"line":5,"column":21},"end":{"line":5,"column":45}},"4":{"start":{"line":6,"column":22},"end":{"line":6,"column":47}},"5":{"start":{"line":10,"column":25},"end":{"line":10,"column":43}},"6":{"start":{"line":11,"column":23},"end":{"line":11,"column":35}},"7":{"start":{"line":13,"column":27},"end":{"line":13,"column":64}},"8":{"start":{"line":15,"column":23},"end":{"line":15,"column":25}},"9":{"start":{"line":17,"column":8},"end":{"line":30,"column":9}},"10":{"start":{"line":18,"column":28},"end":{"line":18,"column":66}},"11":{"start":{"line":19,"column":12},"end":{"line":23,"column":13}},"12":{"start":{"line":25,"column":12},"end":{"line":29,"column":13}},"13":{"start":{"line":32,"column":8},"end":{"line":45,"column":9}},"14":{"start":{"line":33,"column":28},"end":{"line":33,"column":66}},"15":{"start":{"line":34,"column":12},"end":{"line":38,"column":13}},"16":{"start":{"line":40,"column":12},"end":{"line":44,"column":13}},"17":{"start":{"line":48,"column":8},"end":{"line":48,"column":77}},"18":{"start":{"line":50,"column":8},"end":{"line":50,"column":37}},"19":{"start":{"line":52,"column":8},"end":{"line":52,"column":19}},"20":{"start":{"line":56,"column":14},"end":{"line":64,"column":1}},"21":{"start":{"line":57,"column":4},"end":{"line":63,"column":5}},"22":{"start":{"line":58,"column":17},"end":{"line":58,"column":30}},"23":{"start":{"line":59,"column":24},"end":{"line":59,"column":76}},"24":{"start":{"line":60,"column":8},"end":{"line":60,"column":38}},"25":{"start":{"line":62,"column":8},"end":{"line":62,"column":19}},"26":{"start":{"line":66,"column":15},"end":{"line":74,"column":1}},"27":{"start":{"line":67,"column":4},"end":{"line":73,"column":5}},"28":{"start":{"line":68,"column":24},"end":{"line":68,"column":32}},"29":{"start":{"line":69,"column":29},"end":{"line":69,"column":61}},"30":{"start":{"line":70,"column":8},"end":{"line":70,"column":44}},"31":{"start":{"line":72,"column":8},"end":{"line":72,"column":19}},"32":{"start":{"line":76,"column":15},"end":{"line":85,"column":1}},"33":{"start":{"line":77,"column":4},"end":{"line":84,"column":5}},"34":{"start":{"line":78,"column":21},"end":{"line":78,"column":31}},"35":{"start":{"line":79,"column":24},"end":{"line":79,"column":32}},"36":{"start":{"line":80,"column":29},"end":{"line":80,"column":76}},"37":{"start":{"line":81,"column":8},"end":{"line":81,"column":44}},"38":{"start":{"line":83,"column":8},"end":{"line":83,"column":19}},"39":{"start":{"line":87,"column":23},"end":{"line":95,"column":1}},"40":{"start":{"line":88,"column":4},"end":{"line":94,"column":5}},"41":{"start":{"line":89,"column":21},"end":{"line":89,"column":31}},"42":{"start":{"line":90,"column":27},"end":{"line":90,"column":68}},"43":{"start":{"line":91,"column":8},"end":{"line":91,"column":43}},"44":{"start":{"line":93,"column":8},"end":{"line":93,"column":19}},"45":{"start":{"line":97,"column":0},"end":{"line":103,"column":1}}},"fnMap":{"0":{"name":"(anonymous_0)","decl":{"start":{"line":3,"column":16},"end":{"line":3,"column":17}},"loc":{"start":{"line":3,"column":42},"end":{"line":54,"column":1}},"line":3},"1":{"name":"(anonymous_1)","decl":{"start":{"line":56,"column":14},"end":{"line":56,"column":15}},"loc":{"start":{"line":56,"column":40},"end":{"line":64,"column":1}},"line":56},"2":{"name":"(anonymous_2)","decl":{"start":{"line":66,"column":15},"end":{"line":66,"column":16}},"loc":{"start":{"line":66,"column":41},"end":{"line":74,"column":1}},"line":66},"3":{"name":"(anonymous_3)","decl":{"start":{"line":76,"column":15},"end":{"line":76,"column":16}},"loc":{"start":{"line":76,"column":41},"end":{"line":85,"column":1}},"line":76},"4":{"name":"(anonymous_4)","decl":{"start":{"line":87,"column":23},"end":{"line":87,"column":24}},"loc":{"start":{"line":87,"column":49},"end":{"line":95,"column":1}},"line":87}},"branchMap":{"0":{"loc":{"start":{"line":17,"column":8},"end":{"line":30,"column":9}},"type":"if","locations":[{"start":{"line":17,"column":8},"end":{"line":30,"column":9}},{"start":{"line":17,"column":8},"end":{"line":30,"column":9}}],"line":17},"1":{"loc":{"start":{"line":32,"column":8},"end":{"line":45,"column":9}},"type":"if","locations":[{"start":{"line":32,"column":8},"end":{"line":45,"column":9}},{"start":{"line":32,"column":8},"end":{"line":45,"column":9}}],"line":32}},"s":{"0":4,"1":4,"2":1,"3":1,"4":1,"5":1,"6":1,"7":1,"8":1,"9":1,"10":0,"11":0,"12":0,"13":1,"14":0,"15":0,"16":0,"17":1,"18":1,"19":0,"20":4,"21":1,"22":1,"23":1,"24":1,"25":0,"26":4,"27":2,"28":2,"29":2,"30":2,"31":0,"32":4,"33":1,"34":1,"35":1,"36":1,"37":1,"38":0,"39":4,"40":2,"41":2,"42":2,"43":2,"44":0,"45":4},"f":{"0":1,"1":1,"2":2,"3":1,"4":2},"b":{"0":[0,1],"1":[0,1]},"_coverageSchema":"1a1c01bbd47fc00a2c39e90264f33305004495a9","hash":"db745be7a54607e2cde9fbc96132736bf646a351"}
,"C:\\Users\\HP\\Documents\\MODULO NODE.JS\\IMDB\\src\\controllers\\directors.controllers.js": {"path":"C:\\Users\\HP\\Documents\\MODULO NODE.JS\\IMDB\\src\\controllers\\directors.controllers.js","statementMap":{"0":{"start":{"line":1,"column":22},"end":{"line":1,"column":42}},"1":{"start":{"line":2,"column":12},"end":{"line":2,"column":35}},"2":{"start":{"line":4,"column":16},"end":{"line":55,"column":1}},"3":{"start":{"line":5,"column":4},"end":{"line":54,"column":5}},"4":{"start":{"line":6,"column":21},"end":{"line":6,"column":45}},"5":{"start":{"line":7,"column":22},"end":{"line":7,"column":47}},"6":{"start":{"line":11,"column":25},"end":{"line":11,"column":43}},"7":{"start":{"line":12,"column":23},"end":{"line":12,"column":35}},"8":{"start":{"line":14,"column":27},"end":{"line":14,"column":65}},"9":{"start":{"line":16,"column":23},"end":{"line":16,"column":25}},"10":{"start":{"line":18,"column":8},"end":{"line":31,"column":9}},"11":{"start":{"line":19,"column":28},"end":{"line":19,"column":66}},"12":{"start":{"line":20,"column":12},"end":{"line":24,"column":13}},"13":{"start":{"line":26,"column":12},"end":{"line":30,"column":13}},"14":{"start":{"line":33,"column":8},"end":{"line":46,"column":9}},"15":{"start":{"line":34,"column":28},"end":{"line":34,"column":66}},"16":{"start":{"line":35,"column":12},"end":{"line":39,"column":13}},"17":{"start":{"line":41,"column":12},"end":{"line":45,"column":13}},"18":{"start":{"line":49,"column":8},"end":{"line":49,"column":77}},"19":{"start":{"line":51,"column":8},"end":{"line":51,"column":37}},"20":{"start":{"line":53,"column":8},"end":{"line":53,"column":19}},"21":{"start":{"line":57,"column":14},"end":{"line":65,"column":1}},"22":{"start":{"line":58,"column":4},"end":{"line":64,"column":5}},"23":{"start":{"line":59,"column":17},"end":{"line":59,"column":30}},"24":{"start":{"line":60,"column":24},"end":{"line":60,"column":77}},"25":{"start":{"line":61,"column":8},"end":{"line":61,"column":38}},"26":{"start":{"line":63,"column":8},"end":{"line":63,"column":19}},"27":{"start":{"line":67,"column":15},"end":{"line":75,"column":1}},"28":{"start":{"line":68,"column":4},"end":{"line":74,"column":5}},"29":{"start":{"line":69,"column":79},"end":{"line":69,"column":87}},"30":{"start":{"line":70,"column":30},"end":{"line":70,"column":116}},"31":{"start":{"line":71,"column":8},"end":{"line":71,"column":45}},"32":{"start":{"line":73,"column":8},"end":{"line":73,"column":19}},"33":{"start":{"line":77,"column":15},"end":{"line":86,"column":1}},"34":{"start":{"line":78,"column":4},"end":{"line":85,"column":5}},"35":{"start":{"line":79,"column":21},"end":{"line":79,"column":31}},"36":{"start":{"line":80,"column":79},"end":{"line":80,"column":87}},"37":{"start":{"line":81,"column":29},"end":{"line":81,"column":130}},"38":{"start":{"line":82,"column":8},"end":{"line":82,"column":44}},"39":{"start":{"line":84,"column":8},"end":{"line":84,"column":19}},"40":{"start":{"line":88,"column":21},"end":{"line":96,"column":1}},"41":{"start":{"line":89,"column":4},"end":{"line":95,"column":5}},"42":{"start":{"line":90,"column":21},"end":{"line":90,"column":31}},"43":{"start":{"line":91,"column":28},"end":{"line":91,"column":70}},"44":{"start":{"line":92,"column":8},"end":{"line":92,"column":44}},"45":{"start":{"line":94,"column":8},"end":{"line":94,"column":19}},"46":{"start":{"line":98,"column":20},"end":{"line":109,"column":1}},"47":{"start":{"line":99,"column":4},"end":{"line":108,"column":5}},"48":{"start":{"line":100,"column":21},"end":{"line":100,"column":31}},"49":{"start":{"line":101,"column":8},"end":{"line":101,"column":46}},"50":{"start":{"line":102,"column":26},"end":{"line":102,"column":79}},"51":{"start":{"line":103,"column":32},"end":{"line":103,"column":83}},"52":{"start":{"line":104,"column":8},"end":{"line":104,"column":39}},"53":{"start":{"line":105,"column":8},"end":{"line":105,"column":54}},"54":{"start":{"line":107,"column":8},"end":{"line":107,"column":19}},"55":{"start":{"line":111,"column":0},"end":{"line":118,"column":1}}},"fnMap":{"0":{"name":"(anonymous_0)","decl":{"start":{"line":4,"column":16},"end":{"line":4,"column":17}},"loc":{"start":{"line":4,"column":42},"end":{"line":55,"column":1}},"line":4},"1":{"name":"(anonymous_1)","decl":{"start":{"line":57,"column":14},"end":{"line":57,"column":15}},"loc":{"start":{"line":57,"column":40},"end":{"line":65,"column":1}},"line":57},"2":{"name":"(anonymous_2)","decl":{"start":{"line":67,"column":15},"end":{"line":67,"column":16}},"loc":{"start":{"line":67,"column":41},"end":{"line":75,"column":1}},"line":67},"3":{"name":"(anonymous_3)","decl":{"start":{"line":77,"column":15},"end":{"line":77,"column":16}},"loc":{"start":{"line":77,"column":41},"end":{"line":86,"column":1}},"line":77},"4":{"name":"(anonymous_4)","decl":{"start":{"line":88,"column":21},"end":{"line":88,"column":22}},"loc":{"start":{"line":88,"column":47},"end":{"line":96,"column":1}},"line":88},"5":{"name":"(anonymous_5)","decl":{"start":{"line":98,"column":20},"end":{"line":98,"column":21}},"loc":{"start":{"line":98,"column":46},"end":{"line":109,"column":1}},"line":98}},"branchMap":{"0":{"loc":{"start":{"line":18,"column":8},"end":{"line":31,"column":9}},"type":"if","locations":[{"start":{"line":18,"column":8},"end":{"line":31,"column":9}},{"start":{"line":18,"column":8},"end":{"line":31,"column":9}}],"line":18},"1":{"loc":{"start":{"line":33,"column":8},"end":{"line":46,"column":9}},"type":"if","locations":[{"start":{"line":33,"column":8},"end":{"line":46,"column":9}},{"start":{"line":33,"column":8},"end":{"line":46,"column":9}}],"line":33}},"s":{"0":4,"1":4,"2":4,"3":1,"4":1,"5":1,"6":1,"7":1,"8":1,"9":1,"10":1,"11":0,"12":0,"13":0,"14":1,"15":0,"16":0,"17":0,"18":1,"19":1,"20":0,"21":4,"22":1,"23":1,"24":1,"25":1,"26":0,"27":4,"28":1,"29":1,"30":1,"31":1,"32":0,"33":4,"34":1,"35":1,"36":1,"37":1,"38":1,"39":0,"40":4,"41":1,"42":1,"43":1,"44":1,"45":0,"46":4,"47":0,"48":0,"49":0,"50":0,"51":0,"52":0,"53":0,"54":0,"55":4},"f":{"0":1,"1":1,"2":1,"3":1,"4":1,"5":0},"b":{"0":[0,1],"1":[0,1]},"_coverageSchema":"1a1c01bbd47fc00a2c39e90264f33305004495a9","hash":"dcfc0a731182d71523b5a62beea83eed02a60c40"}
,"C:\\Users\\HP\\Documents\\MODULO NODE.JS\\IMDB\\src\\controllers\\gallery.controller.js": {"path":"C:\\Users\\HP\\Documents\\MODULO NODE.JS\\IMDB\\src\\controllers\\gallery.controller.js","statementMap":{"0":{"start":{"line":1,"column":16},"end":{"line":7,"column":1}},"1":{"start":{"line":2,"column":4},"end":{"line":6,"column":5}},"2":{"start":{"line":3,"column":8},"end":{"line":3,"column":26}},"3":{"start":{"line":5,"column":8},"end":{"line":5,"column":54}},"4":{"start":{"line":9,"column":0},"end":{"line":11,"column":1}}},"fnMap":{"0":{"name":"(anonymous_0)","decl":{"start":{"line":1,"column":16},"end":{"line":1,"column":17}},"loc":{"start":{"line":1,"column":36},"end":{"line":7,"column":1}},"line":1}},"branchMap":{},"s":{"0":4,"1":0,"2":0,"3":0,"4":4},"f":{"0":0},"b":{},"_coverageSchema":"1a1c01bbd47fc00a2c39e90264f33305004495a9","hash":"5f407562ec1a3109d9d7193ff69d332689503f49"}
,"C:\\Users\\HP\\Documents\\MODULO NODE.JS\\IMDB\\src\\controllers\\user.controllers.js": {"path":"C:\\Users\\HP\\Documents\\MODULO NODE.JS\\IMDB\\src\\controllers\\user.controllers.js","statementMap":{"0":{"start":{"line":1,"column":37},"end":{"line":1,"column":57}},"1":{"start":{"line":2,"column":22},"end":{"line":2,"column":54}},"2":{"start":{"line":3,"column":13},"end":{"line":3,"column":32}},"3":{"start":{"line":4,"column":12},"end":{"line":4,"column":35}},"4":{"start":{"line":5,"column":25},"end":{"line":5,"column":46}},"5":{"start":{"line":7,"column":19},"end":{"line":7,"column":21}},"6":{"start":{"line":9,"column":15},"end":{"line":60,"column":1}},"7":{"start":{"line":10,"column":4},"end":{"line":59,"column":5}},"8":{"start":{"line":11,"column":21},"end":{"line":11,"column":45}},"9":{"start":{"line":12,"column":22},"end":{"line":12,"column":47}},"10":{"start":{"line":14,"column":8},"end":{"line":14,"column":33}},"11":{"start":{"line":16,"column":25},"end":{"line":16,"column":43}},"12":{"start":{"line":17,"column":23},"end":{"line":17,"column":35}},"13":{"start":{"line":19,"column":27},"end":{"line":19,"column":61}},"14":{"start":{"line":21,"column":23},"end":{"line":21,"column":25}},"15":{"start":{"line":22,"column":8},"end":{"line":35,"column":9}},"16":{"start":{"line":23,"column":28},"end":{"line":23,"column":66}},"17":{"start":{"line":24,"column":12},"end":{"line":28,"column":13}},"18":{"start":{"line":30,"column":12},"end":{"line":34,"column":13}},"19":{"start":{"line":37,"column":8},"end":{"line":50,"column":9}},"20":{"start":{"line":38,"column":28},"end":{"line":38,"column":66}},"21":{"start":{"line":39,"column":12},"end":{"line":43,"column":13}},"22":{"start":{"line":45,"column":12},"end":{"line":49,"column":13}},"23":{"start":{"line":52,"column":8},"end":{"line":52,"column":77}},"24":{"start":{"line":54,"column":8},"end":{"line":54,"column":25}},"25":{"start":{"line":57,"column":8},"end":{"line":57,"column":44}},"26":{"start":{"line":58,"column":8},"end":{"line":58,"column":19}},"27":{"start":{"line":62,"column":14},"end":{"line":70,"column":1}},"28":{"start":{"line":63,"column":4},"end":{"line":69,"column":5}},"29":{"start":{"line":64,"column":17},"end":{"line":64,"column":30}},"30":{"start":{"line":65,"column":24},"end":{"line":65,"column":77}},"31":{"start":{"line":66,"column":8},"end":{"line":66,"column":26}},"32":{"start":{"line":68,"column":8},"end":{"line":68,"column":19}},"33":{"start":{"line":72,"column":15},"end":{"line":110,"column":1}},"34":{"start":{"line":73,"column":4},"end":{"line":109,"column":5}},"35":{"start":{"line":74,"column":47},"end":{"line":74,"column":55}},"36":{"start":{"line":75,"column":21},"end":{"line":75,"column":26}},"37":{"start":{"line":76,"column":25},"end":{"line":76,"column":73}},"38":{"start":{"line":77,"column":25},"end":{"line":77,"column":95}},"39":{"start":{"line":79,"column":22},"end":{"line":79,"column":44}},"40":{"start":{"line":80,"column":23},"end":{"line":80,"column":68}},"41":{"start":{"line":81,"column":24},"end":{"line":81,"column":42}},"42":{"start":{"line":82,"column":22},"end":{"line":82,"column":24}},"43":{"start":{"line":83,"column":26},"end":{"line":87,"column":10}},"44":{"start":{"line":84,"column":12},"end":{"line":86,"column":13}},"45":{"start":{"line":85,"column":16},"end":{"line":85,"column":35}},"46":{"start":{"line":89,"column":19},"end":{"line":89,"column":35}},"47":{"start":{"line":90,"column":8},"end":{"line":90,"column":26}},"48":{"start":{"line":92,"column":8},"end":{"line":92,"column":58}},"49":{"start":{"line":94,"column":29},"end":{"line":98,"column":9}},"50":{"start":{"line":100,"column":8},"end":{"line":100,"column":55}},"51":{"start":{"line":101,"column":8},"end":{"line":102,"column":110}},"52":{"start":{"line":103,"column":8},"end":{"line":103,"column":32}},"53":{"start":{"line":105,"column":8},"end":{"line":105,"column":39}},"54":{"start":{"line":108,"column":8},"end":{"line":108,"column":19}},"55":{"start":{"line":112,"column":15},"end":{"line":122,"column":1}},"56":{"start":{"line":113,"column":4},"end":{"line":121,"column":5}},"57":{"start":{"line":114,"column":21},"end":{"line":114,"column":31}},"58":{"start":{"line":115,"column":68},"end":{"line":115,"column":76}},"59":{"start":{"line":116,"column":25},"end":{"line":116,"column":73}},"60":{"start":{"line":117,"column":26},"end":{"line":117,"column":107}},"61":{"start":{"line":118,"column":8},"end":{"line":118,"column":42}},"62":{"start":{"line":120,"column":8},"end":{"line":120,"column":19}},"63":{"start":{"line":124,"column":21},"end":{"line":132,"column":1}},"64":{"start":{"line":125,"column":4},"end":{"line":131,"column":5}},"65":{"start":{"line":126,"column":21},"end":{"line":126,"column":31}},"66":{"start":{"line":127,"column":25},"end":{"line":127,"column":67}},"67":{"start":{"line":128,"column":8},"end":{"line":128,"column":41}},"68":{"start":{"line":130,"column":8},"end":{"line":130,"column":19}},"69":{"start":{"line":134,"column":15},"end":{"line":148,"column":1}},"70":{"start":{"line":135,"column":4},"end":{"line":147,"column":5}},"71":{"start":{"line":136,"column":19},"end":{"line":136,"column":34}},"72":{"start":{"line":137,"column":37},"end":{"line":137,"column":102}},"73":{"start":{"line":138,"column":8},"end":{"line":138,"column":53}},"74":{"start":{"line":139,"column":23},"end":{"line":139,"column":54}},"75":{"start":{"line":140,"column":31},"end":{"line":140,"column":84}},"76":{"start":{"line":141,"column":23},"end":{"line":141,"column":27}},"77":{"start":{"line":142,"column":29},"end":{"line":142,"column":80}},"78":{"start":{"line":143,"column":8},"end":{"line":143,"column":33}},"79":{"start":{"line":144,"column":8},"end":{"line":144,"column":48}},"80":{"start":{"line":146,"column":8},"end":{"line":146,"column":19}},"81":{"start":{"line":150,"column":0},"end":{"line":157,"column":1}}},"fnMap":{"0":{"name":"(anonymous_0)","decl":{"start":{"line":9,"column":15},"end":{"line":9,"column":16}},"loc":{"start":{"line":9,"column":41},"end":{"line":60,"column":1}},"line":9},"1":{"name":"(anonymous_1)","decl":{"start":{"line":62,"column":14},"end":{"line":62,"column":15}},"loc":{"start":{"line":62,"column":40},"end":{"line":70,"column":1}},"line":62},"2":{"name":"(anonymous_2)","decl":{"start":{"line":72,"column":15},"end":{"line":72,"column":16}},"loc":{"start":{"line":72,"column":41},"end":{"line":110,"column":1}},"line":72},"3":{"name":"(anonymous_3)","decl":{"start":{"line":83,"column":44},"end":{"line":83,"column":45}},"loc":{"start":{"line":83,"column":55},"end":{"line":87,"column":9}},"line":83},"4":{"name":"(anonymous_4)","decl":{"start":{"line":112,"column":15},"end":{"line":112,"column":16}},"loc":{"start":{"line":112,"column":41},"end":{"line":122,"column":1}},"line":112},"5":{"name":"(anonymous_5)","decl":{"start":{"line":124,"column":21},"end":{"line":124,"column":22}},"loc":{"start":{"line":124,"column":47},"end":{"line":132,"column":1}},"line":124},"6":{"name":"(anonymous_6)","decl":{"start":{"line":134,"column":15},"end":{"line":134,"column":16}},"loc":{"start":{"line":134,"column":41},"end":{"line":148,"column":1}},"line":134}},"branchMap":{"0":{"loc":{"start":{"line":22,"column":8},"end":{"line":35,"column":9}},"type":"if","locations":[{"start":{"line":22,"column":8},"end":{"line":35,"column":9}},{"start":{"line":22,"column":8},"end":{"line":35,"column":9}}],"line":22},"1":{"loc":{"start":{"line":37,"column":8},"end":{"line":50,"column":9}},"type":"if","locations":[{"start":{"line":37,"column":8},"end":{"line":50,"column":9}},{"start":{"line":37,"column":8},"end":{"line":50,"column":9}}],"line":37},"2":{"loc":{"start":{"line":84,"column":12},"end":{"line":86,"column":13}},"type":"if","locations":[{"start":{"line":84,"column":12},"end":{"line":86,"column":13}},{"start":{"line":84,"column":12},"end":{"line":86,"column":13}}],"line":84}},"s":{"0":4,"1":4,"2":4,"3":4,"4":4,"5":4,"6":4,"7":0,"8":0,"9":0,"10":0,"11":0,"12":0,"13":0,"14":0,"15":0,"16":0,"17":0,"18":0,"19":0,"20":0,"21":0,"22":0,"23":0,"24":0,"25":0,"26":0,"27":4,"28":0,"29":0,"30":0,"31":0,"32":0,"33":4,"34":4,"35":4,"36":4,"37":4,"38":4,"39":4,"40":4,"41":4,"42":4,"43":4,"44":240,"45":233,"46":4,"47":4,"48":4,"49":4,"50":4,"51":4,"52":4,"53":4,"54":0,"55":4,"56":1,"57":1,"58":1,"59":1,"60":1,"61":1,"62":0,"63":4,"64":4,"65":4,"66":4,"67":4,"68":0,"69":4,"70":0,"71":0,"72":0,"73":0,"74":0,"75":0,"76":0,"77":0,"78":0,"79":0,"80":0,"81":4},"f":{"0":0,"1":0,"2":4,"3":240,"4":1,"5":4,"6":0},"b":{"0":[0,0],"1":[0,0],"2":[233,7]},"_coverageSchema":"1a1c01bbd47fc00a2c39e90264f33305004495a9","hash":"c5649e80cb006808c1402598bd2a79f09ac45fcd"}
,"C:\\Users\\HP\\Documents\\MODULO NODE.JS\\IMDB\\src\\herpers\\nodemailer.js": {"path":"C:\\Users\\HP\\Documents\\MODULO NODE.JS\\IMDB\\src\\herpers\\nodemailer.js","statementMap":{"0":{"start":{"line":1,"column":0},"end":{"line":1,"column":26}},"1":{"start":{"line":3,"column":19},"end":{"line":3,"column":40}},"2":{"start":{"line":4,"column":19},"end":{"line":4,"column":40}},"3":{"start":{"line":5,"column":12},"end":{"line":5,"column":52}},"4":{"start":{"line":6,"column":11},"end":{"line":6,"column":24}},"5":{"start":{"line":7,"column":13},"end":{"line":7,"column":42}},"6":{"start":{"line":8,"column":0},"end":{"line":8,"column":48}},"7":{"start":{"line":10,"column":15},"end":{"line":10,"column":44}},"8":{"start":{"line":12,"column":25},"end":{"line":38,"column":1}},"9":{"start":{"line":13,"column":24},"end":{"line":17,"column":5}},"10":{"start":{"line":18,"column":4},"end":{"line":18,"column":77}},"11":{"start":{"line":20,"column":4},"end":{"line":37,"column":5}},"12":{"start":{"line":21,"column":28},"end":{"line":21,"column":62}},"13":{"start":{"line":22,"column":28},"end":{"line":32,"column":10}},"14":{"start":{"line":33,"column":8},"end":{"line":33,"column":27}},"15":{"start":{"line":36,"column":8},"end":{"line":36,"column":27}},"16":{"start":{"line":40,"column":18},"end":{"line":52,"column":1}},"17":{"start":{"line":42,"column":33},"end":{"line":42,"column":57}},"18":{"start":{"line":43,"column":8},"end":{"line":46,"column":11}},"19":{"start":{"line":47,"column":21},"end":{"line":47,"column":61}},"20":{"start":{"line":48,"column":8},"end":{"line":48,"column":26}},"21":{"start":{"line":54,"column":13},"end":{"line":54,"column":79}},"22":{"start":{"line":58,"column":0},"end":{"line":60,"column":1}}},"fnMap":{"0":{"name":"(anonymous_0)","decl":{"start":{"line":12,"column":25},"end":{"line":12,"column":26}},"loc":{"start":{"line":12,"column":37},"end":{"line":38,"column":1}},"line":12},"1":{"name":"(anonymous_1)","decl":{"start":{"line":40,"column":18},"end":{"line":40,"column":19}},"loc":{"start":{"line":40,"column":37},"end":{"line":52,"column":1}},"line":40}},"branchMap":{},"s":{"0":4,"1":4,"2":4,"3":4,"4":4,"5":4,"6":4,"7":4,"8":4,"9":4,"10":4,"11":4,"12":4,"13":0,"14":0,"15":0,"16":4,"17":4,"18":0,"19":0,"20":0,"21":4,"22":4},"f":{"0":4,"1":4},"b":{},"_coverageSchema":"1a1c01bbd47fc00a2c39e90264f33305004495a9","hash":"847702436be5a38a3000fcdfdc9e3ba16e5572a1"}
,"C:\\Users\\HP\\Documents\\MODULO NODE.JS\\IMDB\\src\\middlewares\\auth.middlewares.js": {"path":"C:\\Users\\HP\\Documents\\MODULO NODE.JS\\IMDB\\src\\middlewares\\auth.middlewares.js","statementMap":{"0":{"start":{"line":1,"column":12},"end":{"line":1,"column":35}},"1":{"start":{"line":3,"column":21},"end":{"line":29,"column":1}},"2":{"start":{"line":4,"column":18},"end":{"line":4,"column":46}},"3":{"start":{"line":6,"column":20},"end":{"line":6,"column":36}},"4":{"start":{"line":7,"column":19},"end":{"line":7,"column":21}},"5":{"start":{"line":8,"column":4},"end":{"line":12,"column":7}},"6":{"start":{"line":9,"column":8},"end":{"line":11,"column":9}},"7":{"start":{"line":10,"column":12},"end":{"line":10,"column":33}},"8":{"start":{"line":13,"column":4},"end":{"line":13,"column":31}},"9":{"start":{"line":14,"column":4},"end":{"line":14,"column":26}},"10":{"start":{"line":15,"column":4},"end":{"line":28,"column":5}},"11":{"start":{"line":16,"column":8},"end":{"line":23,"column":11}},"12":{"start":{"line":17,"column":12},"end":{"line":22,"column":13}},"13":{"start":{"line":18,"column":16},"end":{"line":18,"column":63}},"14":{"start":{"line":20,"column":16},"end":{"line":20,"column":38}},"15":{"start":{"line":21,"column":16},"end":{"line":21,"column":23}},"16":{"start":{"line":25,"column":8},"end":{"line":27,"column":11}},"17":{"start":{"line":31,"column":0},"end":{"line":31,"column":29}}},"fnMap":{"0":{"name":"(anonymous_0)","decl":{"start":{"line":3,"column":21},"end":{"line":3,"column":22}},"loc":{"start":{"line":3,"column":41},"end":{"line":29,"column":1}},"line":3},"1":{"name":"(anonymous_1)","decl":{"start":{"line":8,"column":22},"end":{"line":8,"column":23}},"loc":{"start":{"line":8,"column":32},"end":{"line":12,"column":5}},"line":8},"2":{"name":"(anonymous_2)","decl":{"start":{"line":16,"column":50},"end":{"line":16,"column":51}},"loc":{"start":{"line":16,"column":68},"end":{"line":23,"column":9}},"line":16}},"branchMap":{"0":{"loc":{"start":{"line":9,"column":8},"end":{"line":11,"column":9}},"type":"if","locations":[{"start":{"line":9,"column":8},"end":{"line":11,"column":9}},{"start":{"line":9,"column":8},"end":{"line":11,"column":9}}],"line":9},"1":{"loc":{"start":{"line":15,"column":4},"end":{"line":28,"column":5}},"type":"if","locations":[{"start":{"line":15,"column":4},"end":{"line":28,"column":5}},{"start":{"line":15,"column":4},"end":{"line":28,"column":5}}],"line":15},"2":{"loc":{"start":{"line":17,"column":12},"end":{"line":22,"column":13}},"type":"if","locations":[{"start":{"line":17,"column":12},"end":{"line":22,"column":13}},{"start":{"line":17,"column":12},"end":{"line":22,"column":13}}],"line":17}},"s":{"0":4,"1":4,"2":22,"3":22,"4":22,"5":22,"6":22,"7":22,"8":22,"9":22,"10":22,"11":22,"12":22,"13":0,"14":22,"15":22,"16":0,"17":4},"f":{"0":22,"1":22,"2":22},"b":{"0":[22,0],"1":[22,0],"2":[0,22]},"_coverageSchema":"1a1c01bbd47fc00a2c39e90264f33305004495a9","hash":"29007832b64382de69ed7db3526492785bc37a2f"}
,"C:\\Users\\HP\\Documents\\MODULO NODE.JS\\IMDB\\src\\models\\actors.js": {"path":"C:\\Users\\HP\\Documents\\MODULO NODE.JS\\IMDB\\src\\models\\actors.js","statementMap":{"0":{"start":{"line":4,"column":4},"end":{"line":4,"column":24}},"1":{"start":{"line":5,"column":0},"end":{"line":42,"column":2}},"2":{"start":{"line":8,"column":6},"end":{"line":10,"column":8}},"3":{"start":{"line":13,"column":2},"end":{"line":40,"column":5}},"4":{"start":{"line":41,"column":2},"end":{"line":41,"column":16}}},"fnMap":{"0":{"name":"(anonymous_0)","decl":{"start":{"line":5,"column":17},"end":{"line":5,"column":18}},"loc":{"start":{"line":5,"column":43},"end":{"line":42,"column":1}},"line":5},"1":{"name":"(anonymous_1)","decl":{"start":{"line":7,"column":4},"end":{"line":7,"column":5}},"loc":{"start":{"line":7,"column":29},"end":{"line":11,"column":5}},"line":7}},"branchMap":{},"s":{"0":4,"1":4,"2":4,"3":4,"4":4},"f":{"0":4,"1":4},"b":{},"_coverageSchema":"1a1c01bbd47fc00a2c39e90264f33305004495a9","hash":"5e8b8001c5ee71f941203c409b57428631b5d87b"}
,"C:\\Users\\HP\\Documents\\MODULO NODE.JS\\IMDB\\src\\models\\content_actors.js": {"path":"C:\\Users\\HP\\Documents\\MODULO NODE.JS\\IMDB\\src\\models\\content_actors.js","statementMap":{"0":{"start":{"line":4,"column":4},"end":{"line":4,"column":24}},"1":{"start":{"line":5,"column":0},"end":{"line":26,"column":2}},"2":{"start":{"line":8,"column":6},"end":{"line":10,"column":8}},"3":{"start":{"line":11,"column":6},"end":{"line":13,"column":8}},"4":{"start":{"line":16,"column":2},"end":{"line":24,"column":5}},"5":{"start":{"line":25,"column":2},"end":{"line":25,"column":24}}},"fnMap":{"0":{"name":"(anonymous_0)","decl":{"start":{"line":5,"column":17},"end":{"line":5,"column":18}},"loc":{"start":{"line":5,"column":43},"end":{"line":26,"column":1}},"line":5},"1":{"name":"(anonymous_1)","decl":{"start":{"line":7,"column":4},"end":{"line":7,"column":5}},"loc":{"start":{"line":7,"column":29},"end":{"line":14,"column":5}},"line":7}},"branchMap":{},"s":{"0":4,"1":4,"2":4,"3":4,"4":4,"5":4},"f":{"0":4,"1":4},"b":{},"_coverageSchema":"1a1c01bbd47fc00a2c39e90264f33305004495a9","hash":"4e22c579f8d03540f499aeaca345c7f37a9bb815"}
,"C:\\Users\\HP\\Documents\\MODULO NODE.JS\\IMDB\\src\\models\\content_directors.js": {"path":"C:\\Users\\HP\\Documents\\MODULO NODE.JS\\IMDB\\src\\models\\content_directors.js","statementMap":{"0":{"start":{"line":4,"column":4},"end":{"line":4,"column":24}},"1":{"start":{"line":5,"column":0},"end":{"line":26,"column":2}},"2":{"start":{"line":8,"column":6},"end":{"line":10,"column":8}},"3":{"start":{"line":11,"column":6},"end":{"line":13,"column":8}},"4":{"start":{"line":16,"column":2},"end":{"line":24,"column":5}},"5":{"start":{"line":25,"column":2},"end":{"line":25,"column":27}}},"fnMap":{"0":{"name":"(anonymous_0)","decl":{"start":{"line":5,"column":17},"end":{"line":5,"column":18}},"loc":{"start":{"line":5,"column":43},"end":{"line":26,"column":1}},"line":5},"1":{"name":"(anonymous_1)","decl":{"start":{"line":7,"column":4},"end":{"line":7,"column":5}},"loc":{"start":{"line":7,"column":29},"end":{"line":14,"column":5}},"line":7}},"branchMap":{},"s":{"0":4,"1":4,"2":4,"3":4,"4":4,"5":4},"f":{"0":4,"1":4},"b":{},"_coverageSchema":"1a1c01bbd47fc00a2c39e90264f33305004495a9","hash":"af0171bc2287e3df3d236f5ba85940c9650ab448"}
,"C:\\Users\\HP\\Documents\\MODULO NODE.JS\\IMDB\\src\\models\\content_genres.js": {"path":"C:\\Users\\HP\\Documents\\MODULO NODE.JS\\IMDB\\src\\models\\content_genres.js","statementMap":{"0":{"start":{"line":4,"column":4},"end":{"line":4,"column":24}},"1":{"start":{"line":5,"column":0},"end":{"line":26,"column":2}},"2":{"start":{"line":8,"column":6},"end":{"line":10,"column":8}},"3":{"start":{"line":11,"column":6},"end":{"line":13,"column":8}},"4":{"start":{"line":16,"column":2},"end":{"line":24,"column":5}},"5":{"start":{"line":25,"column":2},"end":{"line":25,"column":24}}},"fnMap":{"0":{"name":"(anonymous_0)","decl":{"start":{"line":5,"column":17},"end":{"line":5,"column":18}},"loc":{"start":{"line":5,"column":43},"end":{"line":26,"column":1}},"line":5},"1":{"name":"(anonymous_1)","decl":{"start":{"line":7,"column":4},"end":{"line":7,"column":5}},"loc":{"start":{"line":7,"column":29},"end":{"line":14,"column":5}},"line":7}},"branchMap":{},"s":{"0":4,"1":4,"2":4,"3":4,"4":4,"5":4},"f":{"0":4,"1":4},"b":{},"_coverageSchema":"1a1c01bbd47fc00a2c39e90264f33305004495a9","hash":"89bdb0f7d44f7c01425a53669660ec94529efb8a"}
,"C:\\Users\\HP\\Documents\\MODULO NODE.JS\\IMDB\\src\\models\\contents.js": {"path":"C:\\Users\\HP\\Documents\\MODULO NODE.JS\\IMDB\\src\\models\\contents.js","statementMap":{"0":{"start":{"line":4,"column":4},"end":{"line":4,"column":24}},"1":{"start":{"line":5,"column":0},"end":{"line":27,"column":2}},"2":{"start":{"line":8,"column":6},"end":{"line":10,"column":9}},"3":{"start":{"line":11,"column":6},"end":{"line":13,"column":9}},"4":{"start":{"line":14,"column":6},"end":{"line":16,"column":8}},"5":{"start":{"line":19,"column":2},"end":{"line":25,"column":5}},"6":{"start":{"line":26,"column":2},"end":{"line":26,"column":18}}},"fnMap":{"0":{"name":"(anonymous_0)","decl":{"start":{"line":5,"column":17},"end":{"line":5,"column":18}},"loc":{"start":{"line":5,"column":43},"end":{"line":27,"column":1}},"line":5},"1":{"name":"(anonymous_1)","decl":{"start":{"line":7,"column":4},"end":{"line":7,"column":5}},"loc":{"start":{"line":7,"column":29},"end":{"line":17,"column":5}},"line":7}},"branchMap":{},"s":{"0":4,"1":4,"2":4,"3":4,"4":4,"5":4,"6":4},"f":{"0":4,"1":4},"b":{},"_coverageSchema":"1a1c01bbd47fc00a2c39e90264f33305004495a9","hash":"2eeaf842969ed6cd492c664dafe3ab63ac6a9fc4"}
,"C:\\Users\\HP\\Documents\\MODULO NODE.JS\\IMDB\\src\\models\\directors.js": {"path":"C:\\Users\\HP\\Documents\\MODULO NODE.JS\\IMDB\\src\\models\\directors.js","statementMap":{"0":{"start":{"line":4,"column":4},"end":{"line":4,"column":24}},"1":{"start":{"line":5,"column":0},"end":{"line":47,"column":2}},"2":{"start":{"line":8,"column":6},"end":{"line":10,"column":8}},"3":{"start":{"line":13,"column":2},"end":{"line":45,"column":5}},"4":{"start":{"line":46,"column":2},"end":{"line":46,"column":19}}},"fnMap":{"0":{"name":"(anonymous_0)","decl":{"start":{"line":5,"column":17},"end":{"line":5,"column":18}},"loc":{"start":{"line":5,"column":43},"end":{"line":47,"column":1}},"line":5},"1":{"name":"(anonymous_1)","decl":{"start":{"line":7,"column":4},"end":{"line":7,"column":5}},"loc":{"start":{"line":7,"column":29},"end":{"line":11,"column":5}},"line":7}},"branchMap":{},"s":{"0":4,"1":4,"2":4,"3":4,"4":4},"f":{"0":4,"1":4},"b":{},"_coverageSchema":"1a1c01bbd47fc00a2c39e90264f33305004495a9","hash":"fe5c00ffb81b257353ea521ede0cf0c852a14fa6"}
,"C:\\Users\\HP\\Documents\\MODULO NODE.JS\\IMDB\\src\\models\\genres.js": {"path":"C:\\Users\\HP\\Documents\\MODULO NODE.JS\\IMDB\\src\\models\\genres.js","statementMap":{"0":{"start":{"line":4,"column":4},"end":{"line":4,"column":24}},"1":{"start":{"line":5,"column":0},"end":{"line":22,"column":2}},"2":{"start":{"line":8,"column":6},"end":{"line":10,"column":9}},"3":{"start":{"line":13,"column":2},"end":{"line":20,"column":5}},"4":{"start":{"line":21,"column":2},"end":{"line":21,"column":16}}},"fnMap":{"0":{"name":"(anonymous_0)","decl":{"start":{"line":5,"column":17},"end":{"line":5,"column":18}},"loc":{"start":{"line":5,"column":43},"end":{"line":22,"column":1}},"line":5},"1":{"name":"(anonymous_1)","decl":{"start":{"line":7,"column":4},"end":{"line":7,"column":5}},"loc":{"start":{"line":7,"column":29},"end":{"line":11,"column":5}},"line":7}},"branchMap":{},"s":{"0":4,"1":4,"2":4,"3":4,"4":4},"f":{"0":4,"1":4},"b":{},"_coverageSchema":"1a1c01bbd47fc00a2c39e90264f33305004495a9","hash":"18c69a30a81ec7fce6aaf0aabb49a235fdce5ef9"}
,"C:\\Users\\HP\\Documents\\MODULO NODE.JS\\IMDB\\src\\models\\index.js": {"path":"C:\\Users\\HP\\Documents\\MODULO NODE.JS\\IMDB\\src\\models\\index.js","statementMap":{"0":{"start":{"line":3,"column":11},"end":{"line":3,"column":24}},"1":{"start":{"line":4,"column":13},"end":{"line":4,"column":28}},"2":{"start":{"line":5,"column":18},"end":{"line":5,"column":38}},"3":{"start":{"line":6,"column":17},"end":{"line":6,"column":42}},"4":{"start":{"line":7,"column":12},"end":{"line":7,"column":49}},"5":{"start":{"line":8,"column":15},"end":{"line":8,"column":63}},"6":{"start":{"line":9,"column":11},"end":{"line":9,"column":13}},"7":{"start":{"line":12,"column":0},"end":{"line":16,"column":1}},"8":{"start":{"line":13,"column":2},"end":{"line":13,"column":74}},"9":{"start":{"line":15,"column":2},"end":{"line":15,"column":87}},"10":{"start":{"line":18,"column":0},"end":{"line":26,"column":5}},"11":{"start":{"line":21,"column":4},"end":{"line":21,"column":90}},"12":{"start":{"line":24,"column":18},"end":{"line":24,"column":85}},"13":{"start":{"line":25,"column":4},"end":{"line":25,"column":27}},"14":{"start":{"line":28,"column":0},"end":{"line":32,"column":3}},"15":{"start":{"line":29,"column":2},"end":{"line":31,"column":3}},"16":{"start":{"line":30,"column":4},"end":{"line":30,"column":32}},"17":{"start":{"line":34,"column":0},"end":{"line":34,"column":25}},"18":{"start":{"line":35,"column":0},"end":{"line":35,"column":25}},"19":{"start":{"line":37,"column":0},"end":{"line":37,"column":20}}},"fnMap":{"0":{"name":"(anonymous_0)","decl":{"start":{"line":20,"column":10},"end":{"line":20,"column":11}},"loc":{"start":{"line":20,"column":18},"end":{"line":22,"column":3}},"line":20},"1":{"name":"(anonymous_1)","decl":{"start":{"line":23,"column":11},"end":{"line":23,"column":12}},"loc":{"start":{"line":23,"column":19},"end":{"line":26,"column":3}},"line":23},"2":{"name":"(anonymous_2)","decl":{"start":{"line":28,"column":24},"end":{"line":28,"column":25}},"loc":{"start":{"line":28,"column":37},"end":{"line":32,"column":1}},"line":28}},"branchMap":{"0":{"loc":{"start":{"line":7,"column":12},"end":{"line":7,"column":49}},"type":"binary-expr","locations":[{"start":{"line":7,"column":12},"end":{"line":7,"column":32}},{"start":{"line":7,"column":36},"end":{"line":7,"column":49}}],"line":7},"1":{"loc":{"start":{"line":12,"column":0},"end":{"line":16,"column":1}},"type":"if","locations":[{"start":{"line":12,"column":0},"end":{"line":16,"column":1}},{"start":{"line":12,"column":0},"end":{"line":16,"column":1}}],"line":12},"2":{"loc":{"start":{"line":21,"column":11},"end":{"line":21,"column":89}},"type":"binary-expr","locations":[{"start":{"line":21,"column":12},"end":{"line":21,"column":35}},{"start":{"line":21,"column":41},"end":{"line":21,"column":58}},{"start":{"line":21,"column":64},"end":{"line":21,"column":88}}],"line":21},"3":{"loc":{"start":{"line":29,"column":2},"end":{"line":31,"column":3}},"type":"if","locations":[{"start":{"line":29,"column":2},"end":{"line":31,"column":3}},{"start":{"line":29,"column":2},"end":{"line":31,"column":3}}],"line":29}},"s":{"0":4,"1":4,"2":4,"3":4,"4":4,"5":4,"6":4,"7":4,"8":0,"9":4,"10":4,"11":40,"12":36,"13":36,"14":4,"15":36,"16":36,"17":4,"18":4,"19":4},"f":{"0":40,"1":36,"2":36},"b":{"0":[4,0],"1":[0,4],"2":[40,40,36],"3":[36,0]},"_coverageSchema":"1a1c01bbd47fc00a2c39e90264f33305004495a9","hash":"305f45592a019cab0fb96566f7acdcb7c845d306"}
,"C:\\Users\\HP\\Documents\\MODULO NODE.JS\\IMDB\\src\\models\\users.js": {"path":"C:\\Users\\HP\\Documents\\MODULO NODE.JS\\IMDB\\src\\models\\users.js","statementMap":{"0":{"start":{"line":4,"column":4},"end":{"line":4,"column":24}},"1":{"start":{"line":5,"column":0},"end":{"line":49,"column":2}},"2":{"start":{"line":11,"column":2},"end":{"line":47,"column":5}},"3":{"start":{"line":48,"column":2},"end":{"line":48,"column":15}}},"fnMap":{"0":{"name":"(anonymous_0)","decl":{"start":{"line":5,"column":17},"end":{"line":5,"column":18}},"loc":{"start":{"line":5,"column":43},"end":{"line":49,"column":1}},"line":5},"1":{"name":"(anonymous_1)","decl":{"start":{"line":7,"column":4},"end":{"line":7,"column":5}},"loc":{"start":{"line":7,"column":29},"end":{"line":9,"column":5}},"line":7}},"branchMap":{},"s":{"0":4,"1":4,"2":4,"3":4},"f":{"0":4,"1":4},"b":{},"_coverageSchema":"1a1c01bbd47fc00a2c39e90264f33305004495a9","hash":"6eac6a8615940cb1ba10285d55b9b800183955d5"}
,"C:\\Users\\HP\\Documents\\MODULO NODE.JS\\IMDB\\src\\models\\validate_accounts.js": {"path":"C:\\Users\\HP\\Documents\\MODULO NODE.JS\\IMDB\\src\\models\\validate_accounts.js","statementMap":{"0":{"start":{"line":4,"column":4},"end":{"line":4,"column":24}},"1":{"start":{"line":5,"column":0},"end":{"line":25,"column":2}},"2":{"start":{"line":16,"column":2},"end":{"line":23,"column":5}},"3":{"start":{"line":24,"column":2},"end":{"line":24,"column":27}}},"fnMap":{"0":{"name":"(anonymous_0)","decl":{"start":{"line":5,"column":17},"end":{"line":5,"column":18}},"loc":{"start":{"line":5,"column":43},"end":{"line":25,"column":1}},"line":5},"1":{"name":"(anonymous_1)","decl":{"start":{"line":12,"column":4},"end":{"line":12,"column":5}},"loc":{"start":{"line":12,"column":29},"end":{"line":14,"column":5}},"line":12}},"branchMap":{},"s":{"0":4,"1":4,"2":4,"3":4},"f":{"0":4,"1":4},"b":{},"_coverageSchema":"1a1c01bbd47fc00a2c39e90264f33305004495a9","hash":"83e590985ba4574a3116ffed3f975f1a680a203e"}
,"C:\\Users\\HP\\Documents\\MODULO NODE.JS\\IMDB\\src\\routers\\actors.js": {"path":"C:\\Users\\HP\\Documents\\MODULO NODE.JS\\IMDB\\src\\routers\\actors.js","statementMap":{"0":{"start":{"line":1,"column":19},"end":{"line":1,"column":37}},"1":{"start":{"line":2,"column":15},"end":{"line":2,"column":32}},"2":{"start":{"line":3,"column":18},"end":{"line":3,"column":39}},"3":{"start":{"line":4,"column":20},"end":{"line":4,"column":64}},"4":{"start":{"line":5,"column":70},"end":{"line":5,"column":114}},"5":{"start":{"line":6,"column":20},"end":{"line":6,"column":62}},"6":{"start":{"line":8,"column":16},"end":{"line":16,"column":2}},"7":{"start":{"line":10,"column":8},"end":{"line":10,"column":40}},"8":{"start":{"line":13,"column":20},"end":{"line":13,"column":54}},"9":{"start":{"line":14,"column":8},"end":{"line":14,"column":63}},"10":{"start":{"line":18,"column":15},"end":{"line":18,"column":23}},"11":{"start":{"line":19,"column":15},"end":{"line":19,"column":41}},"12":{"start":{"line":21,"column":0},"end":{"line":21,"column":42}},"13":{"start":{"line":22,"column":0},"end":{"line":22,"column":45}},"14":{"start":{"line":23,"column":0},"end":{"line":23,"column":44}},"15":{"start":{"line":24,"column":0},"end":{"line":24,"column":91}},"16":{"start":{"line":25,"column":0},"end":{"line":25,"column":47}},"17":{"start":{"line":26,"column":0},"end":{"line":26,"column":55}},"18":{"start":{"line":30,"column":0},"end":{"line":30,"column":24}}},"fnMap":{"0":{"name":"(anonymous_0)","decl":{"start":{"line":9,"column":17},"end":{"line":9,"column":18}},"loc":{"start":{"line":9,"column":36},"end":{"line":11,"column":5}},"line":9},"1":{"name":"(anonymous_1)","decl":{"start":{"line":12,"column":14},"end":{"line":12,"column":15}},"loc":{"start":{"line":12,"column":33},"end":{"line":15,"column":5}},"line":12}},"branchMap":{},"s":{"0":4,"1":4,"2":4,"3":4,"4":4,"5":4,"6":4,"7":0,"8":0,"9":0,"10":4,"11":4,"12":4,"13":4,"14":4,"15":4,"16":4,"17":4,"18":4},"f":{"0":0,"1":0},"b":{},"_coverageSchema":"1a1c01bbd47fc00a2c39e90264f33305004495a9","hash":"3e25b5d4569637a7bd8238137423d30585a76a47"}
,"C:\\Users\\HP\\Documents\\MODULO NODE.JS\\IMDB\\src\\routers\\auth.js": {"path":"C:\\Users\\HP\\Documents\\MODULO NODE.JS\\IMDB\\src\\routers\\auth.js","statementMap":{"0":{"start":{"line":1,"column":19},"end":{"line":1,"column":37}},"1":{"start":{"line":2,"column":18},"end":{"line":2,"column":59}},"2":{"start":{"line":4,"column":15},"end":{"line":4,"column":23}},"3":{"start":{"line":6,"column":0},"end":{"line":6,"column":28}},"4":{"start":{"line":8,"column":0},"end":{"line":8,"column":24}}},"fnMap":{},"branchMap":{},"s":{"0":4,"1":4,"2":4,"3":4,"4":4},"f":{},"b":{},"_coverageSchema":"1a1c01bbd47fc00a2c39e90264f33305004495a9","hash":"d6bdffde7c4d1358927de8785563b5c080d4d531"}
,"C:\\Users\\HP\\Documents\\MODULO NODE.JS\\IMDB\\src\\routers\\contents.js": {"path":"C:\\Users\\HP\\Documents\\MODULO NODE.JS\\IMDB\\src\\routers\\contents.js","statementMap":{"0":{"start":{"line":1,"column":19},"end":{"line":1,"column":37}},"1":{"start":{"line":2,"column":58},"end":{"line":2,"column":104}},"2":{"start":{"line":3,"column":20},"end":{"line":3,"column":62}},"3":{"start":{"line":5,"column":15},"end":{"line":5,"column":23}},"4":{"start":{"line":7,"column":0},"end":{"line":7,"column":45}},"5":{"start":{"line":8,"column":0},"end":{"line":8,"column":48}},"6":{"start":{"line":9,"column":0},"end":{"line":9,"column":46}},"7":{"start":{"line":10,"column":0},"end":{"line":10,"column":49}},"8":{"start":{"line":11,"column":0},"end":{"line":11,"column":59}},"9":{"start":{"line":15,"column":0},"end":{"line":15,"column":24}}},"fnMap":{},"branchMap":{},"s":{"0":4,"1":4,"2":4,"3":4,"4":4,"5":4,"6":4,"7":4,"8":4,"9":4},"f":{},"b":{},"_coverageSchema":"1a1c01bbd47fc00a2c39e90264f33305004495a9","hash":"b0004fe298a3d0ff7532fdb5e39dbd834b9202fa"}
,"C:\\Users\\HP\\Documents\\MODULO NODE.JS\\IMDB\\src\\routers\\directors.js": {"path":"C:\\Users\\HP\\Documents\\MODULO NODE.JS\\IMDB\\src\\routers\\directors.js","statementMap":{"0":{"start":{"line":1,"column":19},"end":{"line":1,"column":37}},"1":{"start":{"line":2,"column":15},"end":{"line":2,"column":32}},"2":{"start":{"line":3,"column":18},"end":{"line":3,"column":39}},"3":{"start":{"line":4,"column":70},"end":{"line":4,"column":117}},"4":{"start":{"line":5,"column":20},"end":{"line":5,"column":64}},"5":{"start":{"line":6,"column":20},"end":{"line":6,"column":62}},"6":{"start":{"line":9,"column":16},"end":{"line":17,"column":2}},"7":{"start":{"line":11,"column":8},"end":{"line":11,"column":43}},"8":{"start":{"line":14,"column":20},"end":{"line":14,"column":54}},"9":{"start":{"line":15,"column":8},"end":{"line":15,"column":63}},"10":{"start":{"line":19,"column":15},"end":{"line":19,"column":23}},"11":{"start":{"line":20,"column":15},"end":{"line":20,"column":41}},"12":{"start":{"line":22,"column":0},"end":{"line":22,"column":45}},"13":{"start":{"line":23,"column":0},"end":{"line":23,"column":48}},"14":{"start":{"line":24,"column":0},"end":{"line":24,"column":46}},"15":{"start":{"line":25,"column":0},"end":{"line":25,"column":94}},"16":{"start":{"line":26,"column":0},"end":{"line":26,"column":49}},"17":{"start":{"line":27,"column":0},"end":{"line":27,"column":58}},"18":{"start":{"line":30,"column":0},"end":{"line":30,"column":24}}},"fnMap":{"0":{"name":"(anonymous_0)","decl":{"start":{"line":10,"column":17},"end":{"line":10,"column":18}},"loc":{"start":{"line":10,"column":36},"end":{"line":12,"column":5}},"line":10},"1":{"name":"(anonymous_1)","decl":{"start":{"line":13,"column":14},"end":{"line":13,"column":15}},"loc":{"start":{"line":13,"column":33},"end":{"line":16,"column":5}},"line":13}},"branchMap":{},"s":{"0":4,"1":4,"2":4,"3":4,"4":4,"5":4,"6":4,"7":0,"8":0,"9":0,"10":4,"11":4,"12":4,"13":4,"14":4,"15":4,"16":4,"17":4,"18":4},"f":{"0":0,"1":0},"b":{},"_coverageSchema":"1a1c01bbd47fc00a2c39e90264f33305004495a9","hash":"a4a216c9dc1ac19604263232a9dbfc0fc52f8f10"}
,"C:\\Users\\HP\\Documents\\MODULO NODE.JS\\IMDB\\src\\routers\\users.js": {"path":"C:\\Users\\HP\\Documents\\MODULO NODE.JS\\IMDB\\src\\routers\\users.js","statementMap":{"0":{"start":{"line":1,"column":19},"end":{"line":1,"column":37}},"1":{"start":{"line":2,"column":65},"end":{"line":2,"column":107}},"2":{"start":{"line":3,"column":20},"end":{"line":3,"column":62}},"3":{"start":{"line":5,"column":15},"end":{"line":5,"column":23}},"4":{"start":{"line":7,"column":0},"end":{"line":7,"column":41}},"5":{"start":{"line":8,"column":0},"end":{"line":8,"column":44}},"6":{"start":{"line":9,"column":0},"end":{"line":9,"column":29}},"7":{"start":{"line":10,"column":0},"end":{"line":10,"column":36}},"8":{"start":{"line":11,"column":0},"end":{"line":11,"column":45}},"9":{"start":{"line":12,"column":0},"end":{"line":12,"column":54}},"10":{"start":{"line":15,"column":0},"end":{"line":15,"column":24}}},"fnMap":{},"branchMap":{},"s":{"0":4,"1":4,"2":4,"3":4,"4":4,"5":4,"6":4,"7":4,"8":4,"9":4,"10":4},"f":{},"b":{},"_coverageSchema":"1a1c01bbd47fc00a2c39e90264f33305004495a9","hash":"c11684575639f736be55ebde8d72e3d83b728b34"}
}
