TN:
SF:src\app.js
FN:35,(anonymous_0)
FN:43,(anonymous_1)
FN:46,(anonymous_2)
FNF:3
FNH:0
FNDA:0,(anonymous_0)
FNDA:0,(anonymous_1)
FNDA:0,(anonymous_2)
DA:1,3
DA:2,3
DA:3,3
DA:4,3
DA:5,3
DA:6,3
DA:7,3
DA:8,3
DA:9,3
DA:10,3
DA:11,3
DA:12,3
DA:13,3
DA:14,3
DA:15,3
DA:16,3
DA:19,3
DA:24,3
DA:26,3
DA:27,3
DA:28,3
DA:29,3
DA:31,3
DA:32,3
DA:33,3
DA:34,3
DA:35,3
DA:36,0
DA:37,0
DA:39,0
DA:43,3
DA:44,0
DA:45,0
DA:46,0
DA:47,0
DA:49,0
DA:51,0
DA:55,3
DA:58,3
LF:39
LH:30
BRDA:44,0,0,0
BRDA:44,0,1,0
BRF:2
BRH:0
end_of_record
TN:
SF:src\config\config.js
FNF:0
FNH:0
DA:1,3
LF:1
LH:1
BRF:0
BRH:0
end_of_record
TN:
SF:src\controllers\actors.controllers.js
FN:4,(anonymous_0)
FN:40,(anonymous_1)
FN:50,(anonymous_2)
FN:60,(anonymous_3)
FN:71,(anonymous_4)
FN:81,(anonymous_5)
FN:85,(anonymous_6)
FN:100,(anonymous_7)
FNF:8
FNH:7
FNDA:1,(anonymous_0)
FNDA:1,(anonymous_1)
FNDA:1,(anonymous_2)
FNDA:1,(anonymous_3)
FNDA:1,(anonymous_4)
FNDA:5,(anonymous_5)
FNDA:5,(anonymous_6)
FNDA:0,(anonymous_7)
DA:1,3
DA:2,3
DA:4,3
DA:5,1
DA:6,1
DA:7,1
DA:9,1
DA:11,1
DA:12,1
DA:14,1
DA:16,1
DA:17,1
DA:18,0
DA:24,1
DA:25,0
DA:31,1
DA:33,1
DA:36,0
DA:40,3
DA:41,1
DA:42,1
DA:43,1
DA:44,1
DA:46,0
DA:50,3
DA:51,1
DA:52,1
DA:53,1
DA:54,1
DA:56,0
DA:60,3
DA:61,1
DA:62,1
DA:63,1
DA:64,1
DA:65,1
DA:67,0
DA:71,3
DA:72,1
DA:73,1
DA:74,1
DA:75,1
DA:77,0
DA:81,3
DA:82,5
DA:84,5
DA:85,5
DA:86,5
DA:87,0
DA:89,5
DA:90,5
DA:94,0
DA:100,3
DA:101,0
DA:102,0
DA:103,0
DA:104,0
DA:105,0
DA:106,0
DA:107,0
DA:109,0
DA:113,3
LF:62
LH:45
BRDA:17,0,0,0
BRDA:17,0,1,1
BRDA:24,1,0,0
BRDA:24,1,1,1
BRDA:84,2,0,5
BRDA:84,2,1,0
BRDA:86,3,0,0
BRDA:86,3,1,5
BRF:8
BRH:4
end_of_record
TN:
SF:src\controllers\auth.controller.js
FN:6,(anonymous_0)
FNF:1
FNH:1
FNDA:3,(anonymous_0)
DA:1,3
DA:3,3
DA:4,3
DA:6,3
DA:7,3
DA:8,3
DA:10,3
DA:12,3
DA:13,3
DA:15,3
DA:16,3
DA:21,3
DA:23,0
DA:27,0
DA:30,0
DA:34,3
LF:16
LH:13
BRDA:12,0,0,3
BRDA:12,0,1,0
BRDA:15,1,0,3
BRDA:15,1,1,0
BRF:4
BRH:2
end_of_record
TN:
SF:src\controllers\directors.controllers.js
FN:4,(anonymous_0)
FN:41,(anonymous_1)
FN:51,(anonymous_2)
FN:61,(anonymous_3)
FN:72,(anonymous_4)
FN:82,(anonymous_5)
FN:86,(anonymous_6)
FN:101,(anonymous_7)
FNF:8
FNH:7
FNDA:1,(anonymous_0)
FNDA:1,(anonymous_1)
FNDA:1,(anonymous_2)
FNDA:1,(anonymous_3)
FNDA:1,(anonymous_4)
FNDA:5,(anonymous_5)
FNDA:5,(anonymous_6)
FNDA:0,(anonymous_7)
DA:1,3
DA:2,3
DA:4,3
DA:5,1
DA:6,1
DA:7,1
DA:11,1
DA:12,1
DA:14,1
DA:16,1
DA:17,1
DA:18,0
DA:19,0
DA:20,0
DA:26,1
DA:27,0
DA:33,1
DA:35,1
DA:37,0
DA:41,3
DA:42,1
DA:43,1
DA:44,1
DA:45,1
DA:47,0
DA:51,3
DA:52,1
DA:53,1
DA:54,1
DA:55,1
DA:57,0
DA:61,3
DA:62,1
DA:63,1
DA:64,1
DA:65,1
DA:66,1
DA:68,0
DA:72,3
DA:73,1
DA:74,1
DA:75,1
DA:76,1
DA:78,0
DA:82,3
DA:83,5
DA:85,5
DA:86,5
DA:87,5
DA:88,0
DA:90,5
DA:91,5
DA:95,0
DA:101,3
DA:102,0
DA:103,0
DA:104,0
DA:105,0
DA:106,0
DA:107,0
DA:108,0
DA:110,0
DA:114,3
LF:63
LH:44
BRDA:17,0,0,0
BRDA:17,0,1,1
BRDA:26,1,0,0
BRDA:26,1,1,1
BRDA:85,2,0,5
BRDA:85,2,1,0
BRDA:87,3,0,0
BRDA:87,3,1,5
BRF:8
BRH:4
end_of_record
TN:
SF:src\controllers\gallery.controller.js
FN:1,(anonymous_0)
FNF:1
FNH:0
FNDA:0,(anonymous_0)
DA:1,3
DA:2,0
DA:3,0
DA:5,0
DA:9,3
LF:5
LH:2
BRF:0
BRH:0
end_of_record
TN:
SF:src\controllers\user.controllers.js
FN:9,(anonymous_0)
FN:48,(anonymous_1)
FN:58,(anonymous_2)
FN:69,(anonymous_3)
FN:98,(anonymous_4)
FN:110,(anonymous_5)
FN:120,(anonymous_6)
FN:124,(anonymous_7)
FN:139,(anonymous_8)
FNF:9
FNH:6
FNDA:0,(anonymous_0)
FNDA:0,(anonymous_1)
FNDA:3,(anonymous_2)
FNDA:180,(anonymous_3)
FNDA:1,(anonymous_4)
FNDA:1,(anonymous_5)
FNDA:2,(anonymous_6)
FNDA:2,(anonymous_7)
FNDA:0,(anonymous_8)
DA:1,3
DA:2,3
DA:3,3
DA:4,3
DA:5,3
DA:7,3
DA:9,3
DA:10,0
DA:11,0
DA:12,0
DA:14,0
DA:16,0
DA:17,0
DA:19,0
DA:21,0
DA:22,0
DA:23,0
DA:24,0
DA:25,0
DA:31,0
DA:32,0
DA:38,0
DA:40,0
DA:43,0
DA:44,0
DA:48,3
DA:49,0
DA:50,0
DA:51,0
DA:52,0
DA:54,0
DA:58,3
DA:59,3
DA:60,3
DA:61,3
DA:62,3
DA:63,3
DA:65,3
DA:66,3
DA:67,3
DA:68,3
DA:69,3
DA:70,180
DA:71,177
DA:75,3
DA:76,3
DA:78,3
DA:80,3
DA:86,3
DA:87,3
DA:89,3
DA:91,3
DA:94,0
DA:98,3
DA:99,1
DA:100,1
DA:101,1
DA:102,1
DA:103,1
DA:104,1
DA:106,0
DA:110,3
DA:111,1
DA:112,1
DA:113,1
DA:114,1
DA:116,0
DA:120,3
DA:121,2
DA:123,2
DA:124,2
DA:125,2
DA:126,0
DA:128,2
DA:129,2
DA:133,0
DA:139,3
DA:140,0
DA:141,0
DA:142,0
DA:143,0
DA:144,0
DA:145,0
DA:146,0
DA:147,0
DA:148,0
DA:149,0
DA:151,0
DA:155,3
LF:89
LH:50
BRDA:22,0,0,0
BRDA:22,0,1,0
BRDA:31,1,0,0
BRDA:31,1,1,0
BRDA:70,2,0,177
BRDA:70,2,1,3
BRDA:123,3,0,2
BRDA:123,3,1,0
BRDA:125,4,0,0
BRDA:125,4,1,2
BRF:10
BRH:4
end_of_record
TN:
SF:src\herpers\nodemailer.js
FN:12,(anonymous_0)
FN:40,(anonymous_1)
FNF:2
FNH:2
FNDA:3,(anonymous_0)
FNDA:3,(anonymous_1)
DA:1,3
DA:3,3
DA:4,3
DA:5,3
DA:6,3
DA:7,3
DA:8,3
DA:10,3
DA:12,3
DA:13,3
DA:18,3
DA:20,3
DA:21,3
DA:22,1
DA:33,1
DA:36,0
DA:40,3
DA:42,3
DA:43,1
DA:47,1
DA:48,0
DA:54,3
DA:58,3
LF:23
LH:21
BRF:0
BRH:0
end_of_record
TN:
SF:src\models\actors.js
FN:5,(anonymous_0)
FN:7,(anonymous_1)
FNF:2
FNH:2
FNDA:3,(anonymous_0)
FNDA:3,(anonymous_1)
DA:4,3
DA:5,3
DA:8,3
DA:13,3
DA:44,3
LF:5
LH:5
BRF:0
BRH:0
end_of_record
TN:
SF:src\models\content_actors.js
FN:5,(anonymous_0)
FN:7,(anonymous_1)
FNF:2
FNH:2
FNDA:3,(anonymous_0)
FNDA:3,(anonymous_1)
DA:4,3
DA:5,3
DA:8,3
DA:11,3
DA:16,3
DA:25,3
LF:6
LH:6
BRF:0
BRH:0
end_of_record
TN:
SF:src\models\content_directors.js
FN:5,(anonymous_0)
FN:7,(anonymous_1)
FNF:2
FNH:2
FNDA:3,(anonymous_0)
FNDA:3,(anonymous_1)
DA:4,3
DA:5,3
DA:8,3
DA:11,3
DA:16,3
DA:25,3
LF:6
LH:6
BRF:0
BRH:0
end_of_record
TN:
SF:src\models\content_genres.js
FN:5,(anonymous_0)
FN:7,(anonymous_1)
FNF:2
FNH:2
FNDA:3,(anonymous_0)
FNDA:3,(anonymous_1)
DA:4,3
DA:5,3
DA:8,3
DA:11,3
DA:16,3
DA:25,3
LF:6
LH:6
BRF:0
BRH:0
end_of_record
TN:
SF:src\models\contents.js
FN:5,(anonymous_0)
FN:7,(anonymous_1)
FNF:2
FNH:2
FNDA:3,(anonymous_0)
FNDA:3,(anonymous_1)
DA:4,3
DA:5,3
DA:8,3
DA:11,3
DA:14,3
DA:19,3
DA:26,3
LF:7
LH:7
BRF:0
BRH:0
end_of_record
TN:
SF:src\models\directors.js
FN:5,(anonymous_0)
FN:7,(anonymous_1)
FNF:2
FNH:2
FNDA:3,(anonymous_0)
FNDA:3,(anonymous_1)
DA:4,3
DA:5,3
DA:8,3
DA:13,3
DA:46,3
LF:5
LH:5
BRF:0
BRH:0
end_of_record
TN:
SF:src\models\genres.js
FN:5,(anonymous_0)
FN:7,(anonymous_1)
FNF:2
FNH:2
FNDA:3,(anonymous_0)
FNDA:3,(anonymous_1)
DA:4,3
DA:5,3
DA:8,3
DA:13,3
DA:21,3
LF:5
LH:5
BRF:0
BRH:0
end_of_record
TN:
SF:src\models\index.js
FN:20,(anonymous_0)
FN:23,(anonymous_1)
FN:28,(anonymous_2)
FNF:3
FNH:3
FNDA:30,(anonymous_0)
FNDA:27,(anonymous_1)
FNDA:27,(anonymous_2)
DA:3,3
DA:4,3
DA:5,3
DA:6,3
DA:7,3
DA:8,3
DA:9,3
DA:12,3
DA:13,0
DA:15,3
DA:18,3
DA:21,30
DA:24,27
DA:25,27
DA:28,3
DA:29,27
DA:30,27
DA:34,3
DA:35,3
DA:37,3
LF:20
LH:19
BRDA:7,0,0,3
BRDA:7,0,1,0
BRDA:12,1,0,0
BRDA:12,1,1,3
BRDA:21,2,0,30
BRDA:21,2,1,30
BRDA:21,2,2,27
BRDA:29,3,0,27
BRDA:29,3,1,0
BRF:9
BRH:6
end_of_record
TN:
SF:src\models\users.js
FN:5,(anonymous_0)
FN:7,(anonymous_1)
FNF:2
FNH:2
FNDA:3,(anonymous_0)
FNDA:3,(anonymous_1)
DA:4,3
DA:5,3
DA:11,3
DA:48,3
LF:4
LH:4
BRF:0
BRH:0
end_of_record
TN:
SF:src\models\validate_accounts.js
FN:5,(anonymous_0)
FN:12,(anonymous_1)
FNF:2
FNH:2
FNDA:3,(anonymous_0)
FNDA:3,(anonymous_1)
DA:4,3
DA:5,3
DA:16,3
DA:24,3
LF:4
LH:4
BRF:0
BRH:0
end_of_record
TN:
SF:src\routers\actors.js
FN:8,(anonymous_0)
FN:11,(anonymous_1)
FNF:2
FNH:0
FNDA:0,(anonymous_0)
FNDA:0,(anonymous_1)
DA:1,3
DA:2,3
DA:3,3
DA:4,3
DA:5,3
DA:7,3
DA:9,0
DA:12,0
DA:13,0
DA:17,3
DA:18,3
DA:20,3
DA:21,3
DA:22,3
DA:23,3
DA:24,3
DA:25,3
DA:29,3
LF:18
LH:15
BRF:0
BRH:0
end_of_record
TN:
SF:src\routers\auth.js
FNF:0
FNH:0
DA:1,3
DA:2,3
DA:4,3
DA:6,3
DA:8,3
LF:5
LH:5
BRF:0
BRH:0
end_of_record
TN:
SF:src\routers\directors.js
FN:9,(anonymous_0)
FN:12,(anonymous_1)
FNF:2
FNH:0
FNDA:0,(anonymous_0)
FNDA:0,(anonymous_1)
DA:1,3
DA:2,3
DA:3,3
DA:4,3
DA:5,3
DA:8,3
DA:10,0
DA:13,0
DA:14,0
DA:18,3
DA:19,3
DA:21,3
DA:22,3
DA:23,3
DA:24,3
DA:25,3
DA:26,3
DA:29,3
LF:18
LH:15
BRF:0
BRH:0
end_of_record
TN:
SF:src\routers\users.js
FNF:0
FNH:0
DA:1,3
DA:2,3
DA:4,3
DA:6,3
DA:7,3
DA:8,3
DA:9,3
DA:10,3
DA:11,3
DA:14,3
LF:10
LH:10
BRF:0
BRH:0
end_of_record
