TN:
SF:src\app.js
FN:37,(anonymous_0)
FN:45,(anonymous_1)
FN:48,(anonymous_2)
FNF:3
FNH:0
FNDA:0,(anonymous_0)
FNDA:0,(anonymous_1)
FNDA:0,(anonymous_2)
DA:1,4
DA:2,4
DA:3,4
DA:4,4
DA:5,4
DA:6,4
DA:7,4
DA:8,4
DA:9,4
DA:10,4
DA:11,4
DA:12,4
DA:13,4
DA:14,4
DA:15,4
DA:16,4
DA:17,4
DA:20,4
DA:25,4
DA:27,4
DA:28,4
DA:29,4
DA:30,4
DA:32,4
DA:33,4
DA:34,4
DA:35,4
DA:36,4
DA:37,4
DA:38,0
DA:39,0
DA:41,0
DA:45,4
DA:46,0
DA:47,0
DA:48,0
DA:49,0
DA:51,0
DA:53,0
DA:57,4
DA:60,4
LF:41
LH:32
BRDA:46,0,0,0
BRDA:46,0,1,0
BRF:2
BRH:0
end_of_record
TN:
SF:src\config\config.js
FNF:0
FNH:0
DA:1,4
LF:1
LH:1
BRF:0
BRH:0
end_of_record
TN:
SF:src\controllers\actors.controllers.js
FN:5,(anonymous_0)
FN:57,(anonymous_1)
FN:67,(anonymous_2)
FN:77,(anonymous_3)
FN:88,(anonymous_4)
FN:98,(anonymous_5)
FNF:6
FNH:5
FNDA:1,(anonymous_0)
FNDA:1,(anonymous_1)
FNDA:1,(anonymous_2)
FNDA:1,(anonymous_3)
FNDA:1,(anonymous_4)
FNDA:0,(anonymous_5)
DA:1,4
DA:2,4
DA:5,4
DA:6,1
DA:7,1
DA:8,1
DA:10,1
DA:12,1
DA:13,1
DA:15,1
DA:17,1
DA:18,1
DA:19,0
DA:20,0
DA:26,0
DA:33,1
DA:34,0
DA:35,0
DA:41,0
DA:48,1
DA:50,1
DA:53,0
DA:57,4
DA:58,1
DA:59,1
DA:60,1
DA:61,1
DA:63,0
DA:67,4
DA:68,1
DA:69,1
DA:70,1
DA:71,1
DA:73,0
DA:77,4
DA:78,1
DA:79,1
DA:80,1
DA:81,1
DA:82,1
DA:84,0
DA:88,4
DA:89,1
DA:90,1
DA:91,1
DA:92,1
DA:94,0
DA:98,4
DA:99,0
DA:100,0
DA:101,0
DA:102,0
DA:103,0
DA:104,0
DA:105,0
DA:107,0
DA:111,4
LF:57
LH:38
BRDA:18,0,0,0
BRDA:18,0,1,1
BRDA:33,1,0,0
BRDA:33,1,1,1
BRF:4
BRH:2
end_of_record
TN:
SF:src\controllers\auth.controller.js
FN:6,(anonymous_0)
FNF:1
FNH:1
FNDA:4,(anonymous_0)
DA:1,4
DA:3,4
DA:4,4
DA:6,4
DA:7,4
DA:8,4
DA:10,4
DA:12,4
DA:13,4
DA:15,4
DA:16,4
DA:21,4
DA:23,0
DA:27,0
DA:30,0
DA:34,4
LF:16
LH:13
BRDA:12,0,0,4
BRDA:12,0,1,0
BRDA:15,1,0,4
BRDA:15,1,1,0
BRF:4
BRH:2
end_of_record
TN:
SF:src\controllers\contents.controllers.js
FN:3,(anonymous_0)
FN:56,(anonymous_1)
FN:66,(anonymous_2)
FN:76,(anonymous_3)
FN:87,(anonymous_4)
FNF:5
FNH:5
FNDA:1,(anonymous_0)
FNDA:1,(anonymous_1)
FNDA:2,(anonymous_2)
FNDA:1,(anonymous_3)
FNDA:2,(anonymous_4)
DA:1,4
DA:3,4
DA:4,1
DA:5,1
DA:6,1
DA:10,1
DA:11,1
DA:13,1
DA:15,1
DA:17,1
DA:18,0
DA:19,0
DA:25,0
DA:32,1
DA:33,0
DA:34,0
DA:40,0
DA:48,1
DA:50,1
DA:52,0
DA:56,4
DA:57,1
DA:58,1
DA:59,1
DA:60,1
DA:62,0
DA:66,4
DA:67,2
DA:68,2
DA:69,2
DA:70,2
DA:72,0
DA:76,4
DA:77,1
DA:78,1
DA:79,1
DA:80,1
DA:81,1
DA:83,0
DA:87,4
DA:88,2
DA:89,2
DA:90,2
DA:91,2
DA:93,0
DA:97,4
LF:46
LH:35
BRDA:17,0,0,0
BRDA:17,0,1,1
BRDA:32,1,0,0
BRDA:32,1,1,1
BRF:4
BRH:2
end_of_record
TN:
SF:src\controllers\directors.controllers.js
FN:4,(anonymous_0)
FN:57,(anonymous_1)
FN:67,(anonymous_2)
FN:77,(anonymous_3)
FN:88,(anonymous_4)
FN:98,(anonymous_5)
FNF:6
FNH:5
FNDA:1,(anonymous_0)
FNDA:1,(anonymous_1)
FNDA:1,(anonymous_2)
FNDA:1,(anonymous_3)
FNDA:1,(anonymous_4)
FNDA:0,(anonymous_5)
DA:1,4
DA:2,4
DA:4,4
DA:5,1
DA:6,1
DA:7,1
DA:11,1
DA:12,1
DA:14,1
DA:16,1
DA:18,1
DA:19,0
DA:20,0
DA:26,0
DA:33,1
DA:34,0
DA:35,0
DA:41,0
DA:49,1
DA:51,1
DA:53,0
DA:57,4
DA:58,1
DA:59,1
DA:60,1
DA:61,1
DA:63,0
DA:67,4
DA:68,1
DA:69,1
DA:70,1
DA:71,1
DA:73,0
DA:77,4
DA:78,1
DA:79,1
DA:80,1
DA:81,1
DA:82,1
DA:84,0
DA:88,4
DA:89,1
DA:90,1
DA:91,1
DA:92,1
DA:94,0
DA:98,4
DA:99,0
DA:100,0
DA:101,0
DA:102,0
DA:103,0
DA:104,0
DA:105,0
DA:107,0
DA:111,4
LF:56
LH:37
BRDA:18,0,0,0
BRDA:18,0,1,1
BRDA:33,1,0,0
BRDA:33,1,1,1
BRF:4
BRH:2
end_of_record
TN:
SF:src\controllers\gallery.controller.js
FN:1,(anonymous_0)
FNF:1
FNH:0
FNDA:0,(anonymous_0)
DA:1,4
DA:2,0
DA:3,0
DA:5,0
DA:9,4
LF:5
LH:2
BRF:0
BRH:0
end_of_record
TN:
SF:src\controllers\user.controllers.js
FN:9,(anonymous_0)
FN:62,(anonymous_1)
FN:72,(anonymous_2)
FN:83,(anonymous_3)
FN:112,(anonymous_4)
FN:124,(anonymous_5)
FN:134,(anonymous_6)
FNF:7
FNH:4
FNDA:0,(anonymous_0)
FNDA:0,(anonymous_1)
FNDA:4,(anonymous_2)
FNDA:240,(anonymous_3)
FNDA:1,(anonymous_4)
FNDA:4,(anonymous_5)
FNDA:0,(anonymous_6)
DA:1,4
DA:2,4
DA:3,4
DA:4,4
DA:5,4
DA:7,4
DA:9,4
DA:10,0
DA:11,0
DA:12,0
DA:14,0
DA:16,0
DA:17,0
DA:19,0
DA:21,0
DA:22,0
DA:23,0
DA:24,0
DA:30,0
DA:37,0
DA:38,0
DA:39,0
DA:45,0
DA:52,0
DA:54,0
DA:57,0
DA:58,0
DA:62,4
DA:63,0
DA:64,0
DA:65,0
DA:66,0
DA:68,0
DA:72,4
DA:73,4
DA:74,4
DA:75,4
DA:76,4
DA:77,4
DA:79,4
DA:80,4
DA:81,4
DA:82,4
DA:83,4
DA:84,240
DA:85,233
DA:89,4
DA:90,4
DA:92,4
DA:94,4
DA:100,4
DA:101,4
DA:103,4
DA:105,4
DA:108,0
DA:112,4
DA:113,1
DA:114,1
DA:115,1
DA:116,1
DA:117,1
DA:118,1
DA:120,0
DA:124,4
DA:125,4
DA:126,4
DA:127,4
DA:128,4
DA:130,0
DA:134,4
DA:135,0
DA:136,0
DA:137,0
DA:138,0
DA:139,0
DA:140,0
DA:141,0
DA:142,0
DA:143,0
DA:144,0
DA:146,0
DA:150,4
LF:82
LH:43
BRDA:22,0,0,0
BRDA:22,0,1,0
BRDA:37,1,0,0
BRDA:37,1,1,0
BRDA:84,2,0,233
BRDA:84,2,1,7
BRF:6
BRH:2
end_of_record
TN:
SF:src\herpers\nodemailer.js
FN:12,(anonymous_0)
FN:40,(anonymous_1)
FNF:2
FNH:2
FNDA:4,(anonymous_0)
FNDA:4,(anonymous_1)
DA:1,4
DA:3,4
DA:4,4
DA:5,4
DA:6,4
DA:7,4
DA:8,4
DA:10,4
DA:12,4
DA:13,4
DA:18,4
DA:20,4
DA:21,4
DA:22,0
DA:33,0
DA:36,0
DA:40,4
DA:42,4
DA:43,0
DA:47,0
DA:48,0
DA:54,4
DA:58,4
LF:23
LH:17
BRF:0
BRH:0
end_of_record
TN:
SF:src\middlewares\auth.middlewares.js
FN:3,(anonymous_0)
FN:8,(anonymous_1)
FN:16,(anonymous_2)
FNF:3
FNH:3
FNDA:22,(anonymous_0)
FNDA:22,(anonymous_1)
FNDA:22,(anonymous_2)
DA:1,4
DA:3,4
DA:4,22
DA:6,22
DA:7,22
DA:8,22
DA:9,22
DA:10,22
DA:13,22
DA:14,22
DA:15,22
DA:16,22
DA:17,22
DA:18,0
DA:20,22
DA:21,22
DA:25,0
DA:31,4
LF:18
LH:16
BRDA:9,0,0,22
BRDA:9,0,1,0
BRDA:15,1,0,22
BRDA:15,1,1,0
BRDA:17,2,0,0
BRDA:17,2,1,22
BRF:6
BRH:3
end_of_record
TN:
SF:src\models\actors.js
FN:5,(anonymous_0)
FN:7,(anonymous_1)
FNF:2
FNH:2
FNDA:4,(anonymous_0)
FNDA:4,(anonymous_1)
DA:4,4
DA:5,4
DA:8,4
DA:13,4
DA:41,4
LF:5
LH:5
BRF:0
BRH:0
end_of_record
TN:
SF:src\models\content_actors.js
FN:5,(anonymous_0)
FN:7,(anonymous_1)
FNF:2
FNH:2
FNDA:4,(anonymous_0)
FNDA:4,(anonymous_1)
DA:4,4
DA:5,4
DA:8,4
DA:11,4
DA:16,4
DA:25,4
LF:6
LH:6
BRF:0
BRH:0
end_of_record
TN:
SF:src\models\content_directors.js
FN:5,(anonymous_0)
FN:7,(anonymous_1)
FNF:2
FNH:2
FNDA:4,(anonymous_0)
FNDA:4,(anonymous_1)
DA:4,4
DA:5,4
DA:8,4
DA:11,4
DA:16,4
DA:25,4
LF:6
LH:6
BRF:0
BRH:0
end_of_record
TN:
SF:src\models\content_genres.js
FN:5,(anonymous_0)
FN:7,(anonymous_1)
FNF:2
FNH:2
FNDA:4,(anonymous_0)
FNDA:4,(anonymous_1)
DA:4,4
DA:5,4
DA:8,4
DA:11,4
DA:16,4
DA:25,4
LF:6
LH:6
BRF:0
BRH:0
end_of_record
TN:
SF:src\models\contents.js
FN:5,(anonymous_0)
FN:7,(anonymous_1)
FNF:2
FNH:2
FNDA:4,(anonymous_0)
FNDA:4,(anonymous_1)
DA:4,4
DA:5,4
DA:8,4
DA:11,4
DA:14,4
DA:19,4
DA:26,4
LF:7
LH:7
BRF:0
BRH:0
end_of_record
TN:
SF:src\models\directors.js
FN:5,(anonymous_0)
FN:7,(anonymous_1)
FNF:2
FNH:2
FNDA:4,(anonymous_0)
FNDA:4,(anonymous_1)
DA:4,4
DA:5,4
DA:8,4
DA:13,4
DA:46,4
LF:5
LH:5
BRF:0
BRH:0
end_of_record
TN:
SF:src\models\genres.js
FN:5,(anonymous_0)
FN:7,(anonymous_1)
FNF:2
FNH:2
FNDA:4,(anonymous_0)
FNDA:4,(anonymous_1)
DA:4,4
DA:5,4
DA:8,4
DA:13,4
DA:21,4
LF:5
LH:5
BRF:0
BRH:0
end_of_record
TN:
SF:src\models\index.js
FN:20,(anonymous_0)
FN:23,(anonymous_1)
FN:28,(anonymous_2)
FNF:3
FNH:3
FNDA:40,(anonymous_0)
FNDA:36,(anonymous_1)
FNDA:36,(anonymous_2)
DA:3,4
DA:4,4
DA:5,4
DA:6,4
DA:7,4
DA:8,4
DA:9,4
DA:12,4
DA:13,0
DA:15,4
DA:18,4
DA:21,40
DA:24,36
DA:25,36
DA:28,4
DA:29,36
DA:30,36
DA:34,4
DA:35,4
DA:37,4
LF:20
LH:19
BRDA:7,0,0,4
BRDA:7,0,1,0
BRDA:12,1,0,0
BRDA:12,1,1,4
BRDA:21,2,0,40
BRDA:21,2,1,40
BRDA:21,2,2,36
BRDA:29,3,0,36
BRDA:29,3,1,0
BRF:9
BRH:6
end_of_record
TN:
SF:src\models\users.js
FN:5,(anonymous_0)
FN:7,(anonymous_1)
FNF:2
FNH:2
FNDA:4,(anonymous_0)
FNDA:4,(anonymous_1)
DA:4,4
DA:5,4
DA:11,4
DA:48,4
LF:4
LH:4
BRF:0
BRH:0
end_of_record
TN:
SF:src\models\validate_accounts.js
FN:5,(anonymous_0)
FN:12,(anonymous_1)
FNF:2
FNH:2
FNDA:4,(anonymous_0)
FNDA:4,(anonymous_1)
DA:4,4
DA:5,4
DA:16,4
DA:24,4
LF:4
LH:4
BRF:0
BRH:0
end_of_record
TN:
SF:src\routers\actors.js
FN:9,(anonymous_0)
FN:12,(anonymous_1)
FNF:2
FNH:0
FNDA:0,(anonymous_0)
FNDA:0,(anonymous_1)
DA:1,4
DA:2,4
DA:3,4
DA:4,4
DA:5,4
DA:6,4
DA:8,4
DA:10,0
DA:13,0
DA:14,0
DA:18,4
DA:19,4
DA:21,4
DA:22,4
DA:23,4
DA:24,4
DA:25,4
DA:26,4
DA:30,4
LF:19
LH:16
BRF:0
BRH:0
end_of_record
TN:
SF:src\routers\auth.js
FNF:0
FNH:0
DA:1,4
DA:2,4
DA:4,4
DA:6,4
DA:8,4
LF:5
LH:5
BRF:0
BRH:0
end_of_record
TN:
SF:src\routers\contents.js
FNF:0
FNH:0
DA:1,4
DA:2,4
DA:3,4
DA:5,4
DA:7,4
DA:8,4
DA:9,4
DA:10,4
DA:11,4
DA:15,4
LF:10
LH:10
BRF:0
BRH:0
end_of_record
TN:
SF:src\routers\directors.js
FN:10,(anonymous_0)
FN:13,(anonymous_1)
FNF:2
FNH:0
FNDA:0,(anonymous_0)
FNDA:0,(anonymous_1)
DA:1,4
DA:2,4
DA:3,4
DA:4,4
DA:5,4
DA:6,4
DA:9,4
DA:11,0
DA:14,0
DA:15,0
DA:19,4
DA:20,4
DA:22,4
DA:23,4
DA:24,4
DA:25,4
DA:26,4
DA:27,4
DA:30,4
LF:19
LH:16
BRF:0
BRH:0
end_of_record
TN:
SF:src\routers\users.js
FNF:0
FNH:0
DA:1,4
DA:2,4
DA:3,4
DA:5,4
DA:7,4
DA:8,4
DA:9,4
DA:10,4
DA:11,4
DA:12,4
DA:15,4
LF:11
LH:11
BRF:0
BRH:0
end_of_record
